<!DOCTYPE html PUBLIC "-//W3C//DTD XHTML 1.1//EN" "http://www.w3.org/TR/xhtml11/DTD/xhtml11.dtd">
<html xmlns="http://www.w3.org/1999/xhtml">
<head>
<meta http-equiv="content-type" content="text/html; charset=UTF-8"/>
<title>TestNG Report</title>
<style type="text/css">table {margin-bottom:10px;border-collapse:collapse;empty-cells:show}th,td {border:1px solid #009;padding:.25em .5em}th {vertical-align:bottom}td {vertical-align:top}table a {font-weight:bold}.stripe td {background-color: #E6EBF9}.num {text-align:right}.passedodd td {background-color: #3F3}.passedeven td {background-color: #0A0}.skippedodd td {background-color: #DDD}.skippedeven td {background-color: #CCC}.failedodd td,.attn {background-color: #F33}.failedeven td,.stripe .attn {background-color: #D00}.stacktrace {white-space:pre;font-family:monospace}.totop {font-size:85%;text-align:center;border-bottom:2px solid #000}.invisible {display:none}</style>
</head>
<body>
<table>
<tr><th>Test</th><th># Passed</th><th># Skipped</th><th># Retried</th><th># Failed</th><th>Time (ms)</th><th>Included Groups</th><th>Excluded Groups</th></tr>
<tr><th colspan="7">Suite</th></tr>
<tr><td><a href="#t0">Cruise Test</a></td><td class="num">12</td><td class="num">0</td><td class="num">0</td><td class="num attn">10</td><td class="num">1,935,067</td><td></td><td></td></tr>
</table>
<table id='summary'><thead><tr><th>Class</th><th>Method</th><th>Start</th><th>Time (ms)</th></tr></thead><tbody><tr><th colspan="4">Suite</th></tr></tbody><tbody id="t0"><tr><th colspan="4">Cruise Test &#8212; failed</th></tr><tr class="failedeven"><td rowspan="1">com.cognizant.tests.testScenario1.TC12_VerifyHolidayHomesViaMoreTab</td><td><a href="#m0">fetchHolidayHomes</a></td><td rowspan="1">1592931235205</td><td rowspan="1">52096</td></tr><tr class="failedodd"><td rowspan="1">com.cognizant.tests.testScenario1.TC14_VerifyWithDifferentLocationName</td><td><a href="#m1">fetchHolidayHomes</a></td><td rowspan="1">1592931470629</td><td rowspan="1">109967</td></tr><tr class="failedeven"><td rowspan="1">com.cognizant.tests.testScenario3.TC32_GuestCountVerification</td><td><a href="#m2">fetchHolidayHomes</a></td><td rowspan="1">1592931896902</td><td rowspan="1">134813</td></tr><tr class="failedodd"><td rowspan="1">com.cognizant.tests.testScenario4.TC41_SortByFilter</td><td><a href="#m3">fetchHolidayHomes</a></td><td rowspan="1">1592932048286</td><td rowspan="1">13986</td></tr><tr class="failedeven"><td rowspan="1">com.cognizant.tests.testScenario4.TC42_AmenitiesBasedFilter</td><td><a href="#m4">fetchHolidayHomes</a></td><td rowspan="1">1592932071691</td><td rowspan="1">158976</td></tr><tr class="failedodd"><td rowspan="1">com.cognizant.tests.testScenario4.TC43_SuitabilityBasedFilter</td><td><a href="#m5">fetchHolidayHomes</a></td><td rowspan="1">1592932251244</td><td rowspan="1">121106</td></tr><tr class="failedeven"><td rowspan="1">com.cognizant.tests.testScenario4.TC44_ClearFilters</td><td><a href="#m6">fetchHolidayHomes</a></td><td rowspan="1">1592932381206</td><td rowspan="1">74018</td></tr><tr class="failedodd"><td rowspan="3">com.cognizant.tests.testScenario5.TC51_FetchHolidaysHomesAllFilters</td><td><a href="#m7">fetchHolidayHomes</a></td><td rowspan="3">1592932485121</td><td rowspan="3">89035</td></tr><tr class="failedodd"><td><a href="#m8">fetchHolidayHomes</a></td></tr><tr class="failedodd"><td><a href="#m9">fetchHolidayHomes</a></td></tr><tr><th colspan="4">Cruise Test &#8212; passed</th></tr><tr class="passedeven"><td rowspan="1">com.cognizant.tests.testScenario1.TC11_CheckAutoSuggestion</td><td><a href="#m10">fetchHolidayHomes</a></td><td rowspan="1">1592931148216</td><td rowspan="1">53669</td></tr><tr class="passedodd"><td rowspan="1">com.cognizant.tests.testScenario1.TC13_SearchBarHolidayHomes</td><td><a href="#m11">fetchHolidayHomes</a></td><td rowspan="1">1592931318762</td><td rowspan="1">18991</td></tr><tr class="passedeven"><td rowspan="2">com.cognizant.tests.testScenario1.TC14_VerifyWithDifferentLocationName</td><td><a href="#m12">fetchHolidayHomes</a></td><td rowspan="2">1592931378769</td><td rowspan="2">42112</td></tr><tr class="passedeven"><td><a href="#m13">fetchHolidayHomes</a></td></tr><tr class="passedodd"><td rowspan="1">com.cognizant.tests.testScenario2.TC21_FetchHolidaysWithDates</td><td><a href="#m14">fetchHolidayHomes</a></td><td rowspan="1">1592931600529</td><td rowspan="1">105694</td></tr><tr class="passedeven"><td rowspan="1">com.cognizant.tests.testScenario2.TC22_FetchHolidayHomesWithoutDates</td><td><a href="#m15">fetchHolidayHomes</a></td><td rowspan="1">1592931727767</td><td rowspan="1">96807</td></tr><tr class="passedodd"><td rowspan="1">com.cognizant.tests.testScenario3.TC31_CheckGuestButton</td><td><a href="#m16">fetchHolidayHomes</a></td><td rowspan="1">1592931850180</td><td rowspan="1">40642</td></tr><tr class="passedeven"><td rowspan="1">com.cognizant.tests.testScenario6.TC61_CruiseButtonChecking</td><td><a href="#m17">fetchCruises</a></td><td rowspan="1">1592932815116</td><td rowspan="1">13948</td></tr><tr class="passedodd"><td rowspan="1">com.cognizant.tests.testScenario6.TC62_CruiseDropdownChecking</td><td><a href="#m18">fetchCruises</a></td><td rowspan="1">1592932849773</td><td rowspan="1">11814</td></tr><tr class="passedeven"><td rowspan="1">com.cognizant.tests.testScenario6.TC63_CheckSearchButton</td><td><a href="#m19">fetchCruises</a></td><td rowspan="1">1592932890423</td><td rowspan="1">17733</td></tr><tr class="passedodd"><td rowspan="2">com.cognizant.tests.testScenario6.TC64_FetchCruiseDetails</td><td><a href="#m20">fetchCruises</a></td><td rowspan="2">1592932939337</td><td rowspan="2">36996</td></tr><tr class="passedodd"><td><a href="#m21">fetchCruises</a></td></tr></tbody>
</table>
<h2>Cruise Test</h2><h3 id="m0">com.cognizant.tests.testScenario1.TC12_VerifyHolidayHomesViaMoreTab#fetchHolidayHomes</h3><table class="result"><tr><th>Exception</th></tr><tr><td><div class="stacktrace">org.openqa.selenium.NoSuchElementException: no such element: Unable to locate element: {&quot;method&quot;:&quot;xpath&quot;,&quot;selector&quot;:&quot;//input[contains(@class,&apos;_3qLQ-U8m&apos;) and contains(@placeholder,&apos;where&apos;)]&quot;}
  (Session info: chrome=83.0.4103.106)
For documentation on this error, please visit: https://www.seleniumhq.org/exceptions/no_such_element.html
Build info: version: &apos;3.141.59&apos;, revision: &apos;e82be7d358&apos;, time: &apos;2018-11-14T08:17:03&apos;
System info: host: &apos;NEW-PC&apos;, ip: &apos;192.168.43.251&apos;, os.name: &apos;Windows 7&apos;, os.arch: &apos;x86&apos;, os.version: &apos;6.1&apos;, java.version: &apos;1.8.0_251&apos;
Driver info: org.openqa.selenium.chrome.ChromeDriver
Capabilities {acceptInsecureCerts: false, browserName: chrome, browserVersion: 83.0.4103.106, chrome: {chromedriverVersion: 83.0.4103.39 (ccbf011cb2d2b..., userDataDir: C:\Users\New\AppData\Local\...}, goog:chromeOptions: {debuggerAddress: localhost:62634}, javascriptEnabled: true, networkConnectionEnabled: false, pageLoadStrategy: normal, platform: WINDOWS, platformName: WINDOWS, proxy: Proxy(), setWindowRect: true, strictFileInteractability: false, timeouts: {implicit: 0, pageLoad: 300000, script: 30000}, unhandledPromptBehavior: dismiss and notify, webauthn:virtualAuthenticators: true}
Session ID: cc21e9fb68e3ff896fd67e5c0a429b2a
*** Element info: {Using=xpath, value=//input[contains(@class,&apos;_3qLQ-U8m&apos;) and contains(@placeholder,&apos;where&apos;)]}
	at org.openqa.selenium.remote.http.W3CHttpResponseCodec.createException(W3CHttpResponseCodec.java:187)
	at org.openqa.selenium.remote.http.W3CHttpResponseCodec.decode(W3CHttpResponseCodec.java:122)
	at org.openqa.selenium.remote.http.W3CHttpResponseCodec.decode(W3CHttpResponseCodec.java:49)
	at org.openqa.selenium.remote.HttpCommandExecutor.execute(HttpCommandExecutor.java:158)
	at org.openqa.selenium.remote.service.DriverCommandExecutor.execute(DriverCommandExecutor.java:83)
	at org.openqa.selenium.remote.RemoteWebDriver.execute(RemoteWebDriver.java:552)
	at org.openqa.selenium.remote.RemoteWebDriver.findElement(RemoteWebDriver.java:323)
	at org.openqa.selenium.remote.RemoteWebDriver.findElementByXPath(RemoteWebDriver.java:428)
	at org.openqa.selenium.By$ByXPath.findElement(By.java:353)
	at org.openqa.selenium.remote.RemoteWebDriver.findElement(RemoteWebDriver.java:315)
	at org.openqa.selenium.support.pagefactory.DefaultElementLocator.findElement(DefaultElementLocator.java:69)
	at org.openqa.selenium.support.pagefactory.internal.LocatingElementHandler.invoke(LocatingElementHandler.java:38)
	at com.sun.proxy.$Proxy15.sendKeys(Unknown Source)
	at com.cognizant.businessFunctionality.CommonFunction.setElementValue(CommonFunction.java:35)
	at com.cognizant.tests.testScenario1.TC12_VerifyHolidayHomesViaMoreTab.searchFor(TC12_VerifyHolidayHomesViaMoreTab.java:43)
	at com.cognizant.tests.testScenario1.TC12_VerifyHolidayHomesViaMoreTab.fetchHolidayHomes(TC12_VerifyHolidayHomesViaMoreTab.java:89)
	at java.util.ArrayList.forEach(ArrayList.java:1257)
... Removed 31 stack frames</div></td></tr></table><p class="totop"><a href="#summary">back to summary</a></p>
<h3 id="m1">com.cognizant.tests.testScenario1.TC14_VerifyWithDifferentLocationName#fetchHolidayHomes</h3><table class="result"><tr class="param"><th>Parameter #1</th></tr><tr class="param stripe"><td>chn</td></tr><tr><th>Exception</th></tr><tr><td><div class="stacktrace">org.openqa.selenium.TimeoutException: Expected condition failed: waiting for visibility of Proxy element for: DefaultElementLocator &apos;By.xpath: //div[@id=&apos;HEADING&apos;]/h1[@class=&apos;page_h1_line1&apos;]&apos; (tried for 30 second(s) with 500 milliseconds interval)
	at org.openqa.selenium.support.ui.WebDriverWait.timeoutException(WebDriverWait.java:95)
	at org.openqa.selenium.support.ui.FluentWait.until(FluentWait.java:272)
	at com.cognizant.businessFunctionality.CommonFunction.getElementValue(CommonFunction.java:42)
	at com.cognizant.tests.testScenario1.TC14_VerifyWithDifferentLocationName.provideDetails(TC14_VerifyWithDifferentLocationName.java:58)
	at com.cognizant.tests.testScenario1.TC14_VerifyWithDifferentLocationName.fetchHolidayHomes(TC14_VerifyWithDifferentLocationName.java:111)
	at java.util.ArrayList.forEach(ArrayList.java:1257)
Caused by: org.openqa.selenium.NoSuchElementException: no such element: Unable to locate element: {&quot;method&quot;:&quot;xpath&quot;,&quot;selector&quot;:&quot;//div[@id=&apos;HEADING&apos;]/h1[@class=&apos;page_h1_line1&apos;]&quot;}
  (Session info: chrome=83.0.4103.106)
For documentation on this error, please visit: https://www.seleniumhq.org/exceptions/no_such_element.html
Build info: version: &apos;3.141.59&apos;, revision: &apos;e82be7d358&apos;, time: &apos;2018-11-14T08:17:03&apos;
System info: host: &apos;NEW-PC&apos;, ip: &apos;192.168.43.251&apos;, os.name: &apos;Windows 7&apos;, os.arch: &apos;x86&apos;, os.version: &apos;6.1&apos;, java.version: &apos;1.8.0_251&apos;
Driver info: org.openqa.selenium.chrome.ChromeDriver
Capabilities {acceptInsecureCerts: false, browserName: chrome, browserVersion: 83.0.4103.106, chrome: {chromedriverVersion: 83.0.4103.39 (ccbf011cb2d2b..., userDataDir: C:\Users\New\AppData\Local\...}, goog:chromeOptions: {debuggerAddress: localhost:62634}, javascriptEnabled: true, networkConnectionEnabled: false, pageLoadStrategy: normal, platform: WINDOWS, platformName: WINDOWS, proxy: Proxy(), setWindowRect: true, strictFileInteractability: false, timeouts: {implicit: 0, pageLoad: 300000, script: 30000}, unhandledPromptBehavior: dismiss and notify, webauthn:virtualAuthenticators: true}
Session ID: cc21e9fb68e3ff896fd67e5c0a429b2a
*** Element info: {Using=xpath, value=//div[@id=&apos;HEADING&apos;]/h1[@class=&apos;page_h1_line1&apos;]}
	at org.openqa.selenium.remote.http.W3CHttpResponseCodec.createException(W3CHttpResponseCodec.java:187)
	at org.openqa.selenium.remote.http.W3CHttpResponseCodec.decode(W3CHttpResponseCodec.java:122)
	at org.openqa.selenium.remote.http.W3CHttpResponseCodec.decode(W3CHttpResponseCodec.java:49)
	at org.openqa.selenium.remote.HttpCommandExecutor.execute(HttpCommandExecutor.java:158)
	at org.openqa.selenium.remote.service.DriverCommandExecutor.execute(DriverCommandExecutor.java:83)
	at org.openqa.selenium.remote.RemoteWebDriver.execute(RemoteWebDriver.java:552)
	at org.openqa.selenium.remote.RemoteWebDriver.findElement(RemoteWebDriver.java:323)
	at org.openqa.selenium.remote.RemoteWebDriver.findElementByXPath(RemoteWebDriver.java:428)
	at org.openqa.selenium.By$ByXPath.findElement(By.java:353)
	at org.openqa.selenium.remote.RemoteWebDriver.findElement(RemoteWebDriver.java:315)
	at org.openqa.selenium.support.pagefactory.DefaultElementLocator.findElement(DefaultElementLocator.java:69)
	at org.openqa.selenium.support.pagefactory.internal.LocatingElementHandler.invoke(LocatingElementHandler.java:38)
	at com.sun.proxy.$Proxy15.isDisplayed(Unknown Source)
	at org.openqa.selenium.support.ui.ExpectedConditions.elementIfVisible(ExpectedConditions.java:314)
	at org.openqa.selenium.support.ui.ExpectedConditions.access$000(ExpectedConditions.java:43)
	at org.openqa.selenium.support.ui.ExpectedConditions$10.apply(ExpectedConditions.java:300)
	at org.openqa.selenium.support.ui.ExpectedConditions$10.apply(ExpectedConditions.java:297)
	at org.openqa.selenium.support.ui.FluentWait.until(FluentWait.java:249)
	... 31 more
... Removed 31 stack frames</div></td></tr></table><p class="totop"><a href="#summary">back to summary</a></p>
<h3 id="m2">com.cognizant.tests.testScenario3.TC32_GuestCountVerification#fetchHolidayHomes</h3><table class="result"><tr><th>Exception</th></tr><tr><td><div class="stacktrace">java.lang.IndexOutOfBoundsException: Index: 0, Size: 0
	at java.util.ArrayList.rangeCheck(ArrayList.java:657)
	at java.util.ArrayList.get(ArrayList.java:433)
	at org.openqa.selenium.support.pagefactory.internal.LocatingElementListHandler.invoke(LocatingElementListHandler.java:39)
	at com.sun.proxy.$Proxy16.get(Unknown Source)
	at com.cognizant.businessFunctionality.CommonFunction.checkingGuest(CommonFunction.java:130)
	at com.cognizant.tests.testScenario3.TC32_GuestCountVerification.checkGuestCount(TC32_GuestCountVerification.java:74)
	at com.cognizant.tests.testScenario3.TC32_GuestCountVerification.fetchHolidayHomes(TC32_GuestCountVerification.java:107)
	at java.util.ArrayList.forEach(ArrayList.java:1257)
... Removed 30 stack frames</div></td></tr></table><p class="totop"><a href="#summary">back to summary</a></p>
<h3 id="m3">com.cognizant.tests.testScenario4.TC41_SortByFilter#fetchHolidayHomes</h3><table class="result"><tr><th>Exception</th></tr><tr><td><div class="stacktrace">org.openqa.selenium.InvalidElementStateException: invalid element state
  (Session info: chrome=83.0.4103.106)
Build info: version: &apos;3.141.59&apos;, revision: &apos;e82be7d358&apos;, time: &apos;2018-11-14T08:17:03&apos;
System info: host: &apos;NEW-PC&apos;, ip: &apos;192.168.43.251&apos;, os.name: &apos;Windows 7&apos;, os.arch: &apos;x86&apos;, os.version: &apos;6.1&apos;, java.version: &apos;1.8.0_251&apos;
Driver info: org.openqa.selenium.chrome.ChromeDriver
Capabilities {acceptInsecureCerts: false, browserName: chrome, browserVersion: 83.0.4103.106, chrome: {chromedriverVersion: 83.0.4103.39 (ccbf011cb2d2b..., userDataDir: C:\Users\New\AppData\Local\...}, goog:chromeOptions: {debuggerAddress: localhost:62634}, javascriptEnabled: true, networkConnectionEnabled: false, pageLoadStrategy: normal, platform: WINDOWS, platformName: WINDOWS, proxy: Proxy(), setWindowRect: true, strictFileInteractability: false, timeouts: {implicit: 0, pageLoad: 300000, script: 30000}, unhandledPromptBehavior: dismiss and notify, webauthn:virtualAuthenticators: true}
Session ID: cc21e9fb68e3ff896fd67e5c0a429b2a
	at org.openqa.selenium.remote.http.W3CHttpResponseCodec.createException(W3CHttpResponseCodec.java:187)
	at org.openqa.selenium.remote.http.W3CHttpResponseCodec.decode(W3CHttpResponseCodec.java:122)
	at org.openqa.selenium.remote.http.W3CHttpResponseCodec.decode(W3CHttpResponseCodec.java:49)
	at org.openqa.selenium.remote.HttpCommandExecutor.execute(HttpCommandExecutor.java:158)
	at org.openqa.selenium.remote.service.DriverCommandExecutor.execute(DriverCommandExecutor.java:83)
	at org.openqa.selenium.remote.RemoteWebDriver.execute(RemoteWebDriver.java:552)
	at org.openqa.selenium.remote.RemoteWebElement.execute(RemoteWebElement.java:285)
	at org.openqa.selenium.remote.RemoteWebElement.clear(RemoteWebElement.java:124)
	at org.openqa.selenium.support.pagefactory.internal.LocatingElementHandler.invoke(LocatingElementHandler.java:51)
	at com.sun.proxy.$Proxy15.clear(Unknown Source)
	at com.cognizant.tests.testScenario4.TC41_SortByFilter.provideDetails(TC41_SortByFilter.java:43)
	at com.cognizant.tests.testScenario4.TC41_SortByFilter.fetchHolidayHomes(TC41_SortByFilter.java:77)
	at java.util.ArrayList.forEach(ArrayList.java:1257)
... Removed 35 stack frames</div></td></tr></table><p class="totop"><a href="#summary">back to summary</a></p>
<h3 id="m4">com.cognizant.tests.testScenario4.TC42_AmenitiesBasedFilter#fetchHolidayHomes</h3><table class="result"><tr><th>Exception</th></tr><tr><td><div class="stacktrace">org.openqa.selenium.NoSuchElementException: no such element: Unable to locate element: {&quot;method&quot;:&quot;xpath&quot;,&quot;selector&quot;:&quot;//li[@class=&apos;yJ4mfBYR&apos;][1]&quot;}
  (Session info: chrome=83.0.4103.106)
For documentation on this error, please visit: https://www.seleniumhq.org/exceptions/no_such_element.html
Build info: version: &apos;3.141.59&apos;, revision: &apos;e82be7d358&apos;, time: &apos;2018-11-14T08:17:03&apos;
System info: host: &apos;NEW-PC&apos;, ip: &apos;192.168.43.251&apos;, os.name: &apos;Windows 7&apos;, os.arch: &apos;x86&apos;, os.version: &apos;6.1&apos;, java.version: &apos;1.8.0_251&apos;
Driver info: org.openqa.selenium.chrome.ChromeDriver
Capabilities {acceptInsecureCerts: false, browserName: chrome, browserVersion: 83.0.4103.106, chrome: {chromedriverVersion: 83.0.4103.39 (ccbf011cb2d2b..., userDataDir: C:\Users\New\AppData\Local\...}, goog:chromeOptions: {debuggerAddress: localhost:62634}, javascriptEnabled: true, networkConnectionEnabled: false, pageLoadStrategy: normal, platform: WINDOWS, platformName: WINDOWS, proxy: Proxy(), setWindowRect: true, strictFileInteractability: false, timeouts: {implicit: 0, pageLoad: 300000, script: 30000}, unhandledPromptBehavior: dismiss and notify, webauthn:virtualAuthenticators: true}
Session ID: cc21e9fb68e3ff896fd67e5c0a429b2a
*** Element info: {Using=xpath, value=//li[@class=&apos;yJ4mfBYR&apos;][1]}
	at org.openqa.selenium.remote.http.W3CHttpResponseCodec.createException(W3CHttpResponseCodec.java:187)
	at org.openqa.selenium.remote.http.W3CHttpResponseCodec.decode(W3CHttpResponseCodec.java:122)
	at org.openqa.selenium.remote.http.W3CHttpResponseCodec.decode(W3CHttpResponseCodec.java:49)
	at org.openqa.selenium.remote.HttpCommandExecutor.execute(HttpCommandExecutor.java:158)
	at org.openqa.selenium.remote.service.DriverCommandExecutor.execute(DriverCommandExecutor.java:83)
	at org.openqa.selenium.remote.RemoteWebDriver.execute(RemoteWebDriver.java:552)
	at org.openqa.selenium.remote.RemoteWebDriver.findElement(RemoteWebDriver.java:323)
	at org.openqa.selenium.remote.RemoteWebDriver.findElementByXPath(RemoteWebDriver.java:428)
	at org.openqa.selenium.By$ByXPath.findElement(By.java:353)
	at org.openqa.selenium.remote.RemoteWebDriver.findElement(RemoteWebDriver.java:315)
	at org.openqa.selenium.support.pagefactory.DefaultElementLocator.findElement(DefaultElementLocator.java:69)
	at org.openqa.selenium.support.pagefactory.internal.LocatingElementHandler.invoke(LocatingElementHandler.java:38)
	at com.sun.proxy.$Proxy15.getWrappedElement(Unknown Source)
	at org.openqa.selenium.remote.internal.WebElementToJsonConverter.apply(WebElementToJsonConverter.java:50)
	at java.util.stream.ReferencePipeline$3$1.accept(ReferencePipeline.java:193)
	at java.util.Spliterators$ArraySpliterator.forEachRemaining(Spliterators.java:948)
	at java.util.stream.AbstractPipeline.copyInto(AbstractPipeline.java:482)
	at java.util.stream.AbstractPipeline.wrapAndCopyInto(AbstractPipeline.java:472)
	at java.util.stream.ReduceOps$ReduceOp.evaluateSequential(ReduceOps.java:708)
	at java.util.stream.AbstractPipeline.evaluate(AbstractPipeline.java:234)
	at java.util.stream.ReferencePipeline.collect(ReferencePipeline.java:499)
	at org.openqa.selenium.remote.RemoteWebDriver.executeScript(RemoteWebDriver.java:484)
	at com.cognizant.businessFunctionality.CommonFunction.getChosenFilters(CommonFunction.java:88)
	at com.cognizant.tests.testScenario4.TC42_AmenitiesBasedFilter.choosingAmenities(TC42_AmenitiesBasedFilter.java:87)
	at com.cognizant.tests.testScenario4.TC42_AmenitiesBasedFilter.fetchHolidayHomes(TC42_AmenitiesBasedFilter.java:136)
	at java.util.ArrayList.forEach(ArrayList.java:1257)
... Removed 31 stack frames</div></td></tr></table><p class="totop"><a href="#summary">back to summary</a></p>
<h3 id="m5">com.cognizant.tests.testScenario4.TC43_SuitabilityBasedFilter#fetchHolidayHomes</h3><table class="result"><tr><th>Exception</th></tr><tr><td><div class="stacktrace">org.openqa.selenium.NoSuchElementException: no such element: Unable to locate element: {&quot;method&quot;:&quot;xpath&quot;,&quot;selector&quot;:&quot;//li[@class=&apos;yJ4mfBYR&apos;][1]&quot;}
  (Session info: chrome=83.0.4103.106)
For documentation on this error, please visit: https://www.seleniumhq.org/exceptions/no_such_element.html
Build info: version: &apos;3.141.59&apos;, revision: &apos;e82be7d358&apos;, time: &apos;2018-11-14T08:17:03&apos;
System info: host: &apos;NEW-PC&apos;, ip: &apos;192.168.43.251&apos;, os.name: &apos;Windows 7&apos;, os.arch: &apos;x86&apos;, os.version: &apos;6.1&apos;, java.version: &apos;1.8.0_251&apos;
Driver info: org.openqa.selenium.chrome.ChromeDriver
Capabilities {acceptInsecureCerts: false, browserName: chrome, browserVersion: 83.0.4103.106, chrome: {chromedriverVersion: 83.0.4103.39 (ccbf011cb2d2b..., userDataDir: C:\Users\New\AppData\Local\...}, goog:chromeOptions: {debuggerAddress: localhost:62634}, javascriptEnabled: true, networkConnectionEnabled: false, pageLoadStrategy: normal, platform: WINDOWS, platformName: WINDOWS, proxy: Proxy(), setWindowRect: true, strictFileInteractability: false, timeouts: {implicit: 0, pageLoad: 300000, script: 30000}, unhandledPromptBehavior: dismiss and notify, webauthn:virtualAuthenticators: true}
Session ID: cc21e9fb68e3ff896fd67e5c0a429b2a
*** Element info: {Using=xpath, value=//li[@class=&apos;yJ4mfBYR&apos;][1]}
	at org.openqa.selenium.remote.http.W3CHttpResponseCodec.createException(W3CHttpResponseCodec.java:187)
	at org.openqa.selenium.remote.http.W3CHttpResponseCodec.decode(W3CHttpResponseCodec.java:122)
	at org.openqa.selenium.remote.http.W3CHttpResponseCodec.decode(W3CHttpResponseCodec.java:49)
	at org.openqa.selenium.remote.HttpCommandExecutor.execute(HttpCommandExecutor.java:158)
	at org.openqa.selenium.remote.service.DriverCommandExecutor.execute(DriverCommandExecutor.java:83)
	at org.openqa.selenium.remote.RemoteWebDriver.execute(RemoteWebDriver.java:552)
	at org.openqa.selenium.remote.RemoteWebDriver.findElement(RemoteWebDriver.java:323)
	at org.openqa.selenium.remote.RemoteWebDriver.findElementByXPath(RemoteWebDriver.java:428)
	at org.openqa.selenium.By$ByXPath.findElement(By.java:353)
	at org.openqa.selenium.remote.RemoteWebDriver.findElement(RemoteWebDriver.java:315)
	at org.openqa.selenium.support.pagefactory.DefaultElementLocator.findElement(DefaultElementLocator.java:69)
	at org.openqa.selenium.support.pagefactory.internal.LocatingElementHandler.invoke(LocatingElementHandler.java:38)
	at com.sun.proxy.$Proxy15.getWrappedElement(Unknown Source)
	at org.openqa.selenium.remote.internal.WebElementToJsonConverter.apply(WebElementToJsonConverter.java:50)
	at java.util.stream.ReferencePipeline$3$1.accept(ReferencePipeline.java:193)
	at java.util.Spliterators$ArraySpliterator.forEachRemaining(Spliterators.java:948)
	at java.util.stream.AbstractPipeline.copyInto(AbstractPipeline.java:482)
	at java.util.stream.AbstractPipeline.wrapAndCopyInto(AbstractPipeline.java:472)
	at java.util.stream.ReduceOps$ReduceOp.evaluateSequential(ReduceOps.java:708)
	at java.util.stream.AbstractPipeline.evaluate(AbstractPipeline.java:234)
	at java.util.stream.ReferencePipeline.collect(ReferencePipeline.java:499)
	at org.openqa.selenium.remote.RemoteWebDriver.executeScript(RemoteWebDriver.java:484)
	at com.cognizant.businessFunctionality.CommonFunction.getChosenFilters(CommonFunction.java:88)
	at com.cognizant.tests.testScenario4.TC43_SuitabilityBasedFilter.choosingSuitability(TC43_SuitabilityBasedFilter.java:78)
	at com.cognizant.tests.testScenario4.TC43_SuitabilityBasedFilter.fetchHolidayHomes(TC43_SuitabilityBasedFilter.java:124)
	at java.util.ArrayList.forEach(ArrayList.java:1257)
... Removed 31 stack frames</div></td></tr></table><p class="totop"><a href="#summary">back to summary</a></p>
<h3 id="m6">com.cognizant.tests.testScenario4.TC44_ClearFilters#fetchHolidayHomes</h3><table class="result"><tr><th>Exception</th></tr><tr><td><div class="stacktrace">org.openqa.selenium.ElementClickInterceptedException: element click intercepted: Element &lt;a class=&quot;vr-search-results-page-root-TierOneMessaging__clearAllText--3zuNy&quot; href=&quot;#&quot;&gt;...&lt;/a&gt; is not clickable at point (678, 8). Other element would receive the click: &lt;div class=&quot;ui_container vr-search-results-page-root-search-results-page-root__headerSectionContainer--xbiyl&quot;&gt;...&lt;/div&gt;
  (Session info: chrome=83.0.4103.106)
Build info: version: &apos;3.141.59&apos;, revision: &apos;e82be7d358&apos;, time: &apos;2018-11-14T08:17:03&apos;
System info: host: &apos;NEW-PC&apos;, ip: &apos;192.168.43.251&apos;, os.name: &apos;Windows 7&apos;, os.arch: &apos;x86&apos;, os.version: &apos;6.1&apos;, java.version: &apos;1.8.0_251&apos;
Driver info: org.openqa.selenium.chrome.ChromeDriver
Capabilities {acceptInsecureCerts: false, browserName: chrome, browserVersion: 83.0.4103.106, chrome: {chromedriverVersion: 83.0.4103.39 (ccbf011cb2d2b..., userDataDir: C:\Users\New\AppData\Local\...}, goog:chromeOptions: {debuggerAddress: localhost:62634}, javascriptEnabled: true, networkConnectionEnabled: false, pageLoadStrategy: normal, platform: WINDOWS, platformName: WINDOWS, proxy: Proxy(), setWindowRect: true, strictFileInteractability: false, timeouts: {implicit: 0, pageLoad: 300000, script: 30000}, unhandledPromptBehavior: dismiss and notify, webauthn:virtualAuthenticators: true}
Session ID: cc21e9fb68e3ff896fd67e5c0a429b2a
	at org.openqa.selenium.remote.http.W3CHttpResponseCodec.createException(W3CHttpResponseCodec.java:187)
	at org.openqa.selenium.remote.http.W3CHttpResponseCodec.decode(W3CHttpResponseCodec.java:122)
	at org.openqa.selenium.remote.http.W3CHttpResponseCodec.decode(W3CHttpResponseCodec.java:49)
	at org.openqa.selenium.remote.HttpCommandExecutor.execute(HttpCommandExecutor.java:158)
	at org.openqa.selenium.remote.service.DriverCommandExecutor.execute(DriverCommandExecutor.java:83)
	at org.openqa.selenium.remote.RemoteWebDriver.execute(RemoteWebDriver.java:552)
	at org.openqa.selenium.remote.RemoteWebElement.execute(RemoteWebElement.java:285)
	at org.openqa.selenium.remote.RemoteWebElement.click(RemoteWebElement.java:84)
	at org.openqa.selenium.support.pagefactory.internal.LocatingElementHandler.invoke(LocatingElementHandler.java:51)
	at com.sun.proxy.$Proxy15.click(Unknown Source)
	at com.cognizant.businessFunctionality.CommonFunction.click(CommonFunction.java:50)
	at com.cognizant.tests.testScenario4.TC44_ClearFilters.clearFilters(TC44_ClearFilters.java:71)
	at com.cognizant.tests.testScenario4.TC44_ClearFilters.fetchHolidayHomes(TC44_ClearFilters.java:114)
	at java.util.ArrayList.forEach(ArrayList.java:1257)
... Removed 34 stack frames</div></td></tr></table><p class="totop"><a href="#summary">back to summary</a></p>
<h3 id="m7">com.cognizant.tests.testScenario5.TC51_FetchHolidaysHomesAllFilters#fetchHolidayHomes</h3><table class="result"><tr class="param"><th>Parameter #1</th><th>Parameter #2</th><th>Parameter #3</th><th>Parameter #4</th><th>Parameter #5</th><th>Parameter #6</th><th>Parameter #7</th></tr><tr class="param stripe"><td>Nairobi,Kenya,Africa</td><td>tomorrow date</td><td>5.0</td><td>4.0</td><td>Traveller Rating</td><td>Pet friendly</td><td>Wi-Fi</td></tr><tr><th colspan="7">Exception</th></tr><tr><td colspan="7"><div class="stacktrace">org.openqa.selenium.StaleElementReferenceException: stale element reference: element is not attached to the page document
  (Session info: chrome=83.0.4103.106)
For documentation on this error, please visit: https://www.seleniumhq.org/exceptions/stale_element_reference.html
Build info: version: &apos;3.141.59&apos;, revision: &apos;e82be7d358&apos;, time: &apos;2018-11-14T08:17:03&apos;
System info: host: &apos;NEW-PC&apos;, ip: &apos;192.168.43.251&apos;, os.name: &apos;Windows 7&apos;, os.arch: &apos;x86&apos;, os.version: &apos;6.1&apos;, java.version: &apos;1.8.0_251&apos;
Driver info: org.openqa.selenium.chrome.ChromeDriver
Capabilities {acceptInsecureCerts: false, browserName: chrome, browserVersion: 83.0.4103.106, chrome: {chromedriverVersion: 83.0.4103.39 (ccbf011cb2d2b..., userDataDir: C:\Users\New\AppData\Local\...}, goog:chromeOptions: {debuggerAddress: localhost:62634}, javascriptEnabled: true, networkConnectionEnabled: false, pageLoadStrategy: normal, platform: WINDOWS, platformName: WINDOWS, proxy: Proxy(), setWindowRect: true, strictFileInteractability: false, timeouts: {implicit: 0, pageLoad: 300000, script: 30000}, unhandledPromptBehavior: dismiss and notify, webauthn:virtualAuthenticators: true}
Session ID: cc21e9fb68e3ff896fd67e5c0a429b2a
	at org.openqa.selenium.remote.http.W3CHttpResponseCodec.createException(W3CHttpResponseCodec.java:187)
	at org.openqa.selenium.remote.http.W3CHttpResponseCodec.decode(W3CHttpResponseCodec.java:122)
	at org.openqa.selenium.remote.http.W3CHttpResponseCodec.decode(W3CHttpResponseCodec.java:49)
	at org.openqa.selenium.remote.HttpCommandExecutor.execute(HttpCommandExecutor.java:158)
	at org.openqa.selenium.remote.service.DriverCommandExecutor.execute(DriverCommandExecutor.java:83)
	at org.openqa.selenium.remote.RemoteWebDriver.execute(RemoteWebDriver.java:552)
	at org.openqa.selenium.remote.RemoteWebElement.execute(RemoteWebElement.java:285)
	at org.openqa.selenium.remote.RemoteWebElement.isDisplayed(RemoteWebElement.java:326)
	at org.openqa.selenium.support.ui.ExpectedConditions$9.apply(ExpectedConditions.java:274)
	at org.openqa.selenium.support.ui.ExpectedConditions$9.apply(ExpectedConditions.java:270)
	at org.openqa.selenium.support.ui.FluentWait.until(FluentWait.java:249)
	at com.cognizant.businessFunctionality.CommonFunction.getHolidayHomes(CommonFunction.java:65)
	at com.cognizant.tests.testScenario5.TC51_FetchHolidaysHomesAllFilters.displayDetails(TC51_FetchHolidaysHomesAllFilters.java:143)
	at com.cognizant.tests.testScenario5.TC51_FetchHolidaysHomesAllFilters.fetchHolidayHomes(TC51_FetchHolidaysHomesAllFilters.java:197)
	at java.util.ArrayList.forEach(ArrayList.java:1257)
... Removed 31 stack frames</div></td></tr></table><p class="totop"><a href="#summary">back to summary</a></p>
<h3 id="m8">com.cognizant.tests.testScenario5.TC51_FetchHolidaysHomesAllFilters#fetchHolidayHomes</h3><table class="result"><tr class="param"><th>Parameter #1</th><th>Parameter #2</th><th>Parameter #3</th><th>Parameter #4</th><th>Parameter #5</th><th>Parameter #6</th><th>Parameter #7</th></tr><tr class="param stripe"><td>Nairobi,Kenya,Africa</td><td>tomorrow date</td><td>6.0</td><td>6.0</td><td>High to Low</td><td>Kid Friendly</td><td>Elevator/Lift access</td></tr><tr><th colspan="7">Exception</th></tr><tr><td colspan="7"><div class="stacktrace">org.openqa.selenium.TimeoutException: Expected condition failed: waiting for element to be clickable: Proxy element for: DefaultElementLocator &apos;By.xpath: //input[contains(@placeholder,&apos;Where&apos;)]&apos; (tried for 30 second(s) with 500 milliseconds interval)
	at org.openqa.selenium.support.ui.WebDriverWait.timeoutException(WebDriverWait.java:95)
	at org.openqa.selenium.support.ui.FluentWait.until(FluentWait.java:272)
	at com.cognizant.businessFunctionality.CommonFunction.click(CommonFunction.java:49)
	at com.cognizant.tests.testScenario5.TC51_FetchHolidaysHomesAllFilters.searchFor(TC51_FetchHolidaysHomesAllFilters.java:51)
	at com.cognizant.tests.testScenario5.TC51_FetchHolidaysHomesAllFilters.fetchHolidayHomes(TC51_FetchHolidaysHomesAllFilters.java:186)
	at java.util.ArrayList.forEach(ArrayList.java:1257)
Caused by: org.openqa.selenium.NoSuchElementException: no such element: Unable to locate element: {&quot;method&quot;:&quot;xpath&quot;,&quot;selector&quot;:&quot;//input[contains(@placeholder,&apos;Where&apos;)]&quot;}
  (Session info: chrome=83.0.4103.106)
For documentation on this error, please visit: https://www.seleniumhq.org/exceptions/no_such_element.html
Build info: version: &apos;3.141.59&apos;, revision: &apos;e82be7d358&apos;, time: &apos;2018-11-14T08:17:03&apos;
System info: host: &apos;NEW-PC&apos;, ip: &apos;192.168.43.251&apos;, os.name: &apos;Windows 7&apos;, os.arch: &apos;x86&apos;, os.version: &apos;6.1&apos;, java.version: &apos;1.8.0_251&apos;
Driver info: org.openqa.selenium.chrome.ChromeDriver
Capabilities {acceptInsecureCerts: false, browserName: chrome, browserVersion: 83.0.4103.106, chrome: {chromedriverVersion: 83.0.4103.39 (ccbf011cb2d2b..., userDataDir: C:\Users\New\AppData\Local\...}, goog:chromeOptions: {debuggerAddress: localhost:62634}, javascriptEnabled: true, networkConnectionEnabled: false, pageLoadStrategy: normal, platform: WINDOWS, platformName: WINDOWS, proxy: Proxy(), setWindowRect: true, strictFileInteractability: false, timeouts: {implicit: 0, pageLoad: 300000, script: 30000}, unhandledPromptBehavior: dismiss and notify, webauthn:virtualAuthenticators: true}
Session ID: cc21e9fb68e3ff896fd67e5c0a429b2a
*** Element info: {Using=xpath, value=//input[contains(@placeholder,&apos;Where&apos;)]}
	at org.openqa.selenium.remote.http.W3CHttpResponseCodec.createException(W3CHttpResponseCodec.java:187)
	at org.openqa.selenium.remote.http.W3CHttpResponseCodec.decode(W3CHttpResponseCodec.java:122)
	at org.openqa.selenium.remote.http.W3CHttpResponseCodec.decode(W3CHttpResponseCodec.java:49)
	at org.openqa.selenium.remote.HttpCommandExecutor.execute(HttpCommandExecutor.java:158)
	at org.openqa.selenium.remote.service.DriverCommandExecutor.execute(DriverCommandExecutor.java:83)
	at org.openqa.selenium.remote.RemoteWebDriver.execute(RemoteWebDriver.java:552)
	at org.openqa.selenium.remote.RemoteWebDriver.findElement(RemoteWebDriver.java:323)
	at org.openqa.selenium.remote.RemoteWebDriver.findElementByXPath(RemoteWebDriver.java:428)
	at org.openqa.selenium.By$ByXPath.findElement(By.java:353)
	at org.openqa.selenium.remote.RemoteWebDriver.findElement(RemoteWebDriver.java:315)
	at org.openqa.selenium.support.pagefactory.DefaultElementLocator.findElement(DefaultElementLocator.java:69)
	at org.openqa.selenium.support.pagefactory.internal.LocatingElementHandler.invoke(LocatingElementHandler.java:38)
	at com.sun.proxy.$Proxy15.isDisplayed(Unknown Source)
	at org.openqa.selenium.support.ui.ExpectedConditions.elementIfVisible(ExpectedConditions.java:314)
	at org.openqa.selenium.support.ui.ExpectedConditions.access$000(ExpectedConditions.java:43)
	at org.openqa.selenium.support.ui.ExpectedConditions$10.apply(ExpectedConditions.java:300)
	at org.openqa.selenium.support.ui.ExpectedConditions$10.apply(ExpectedConditions.java:297)
	at org.openqa.selenium.support.ui.ExpectedConditions$23.apply(ExpectedConditions.java:670)
	at org.openqa.selenium.support.ui.ExpectedConditions$23.apply(ExpectedConditions.java:666)
	at org.openqa.selenium.support.ui.FluentWait.until(FluentWait.java:249)
	... 31 more
... Removed 31 stack frames</div></td></tr></table><p class="totop"><a href="#summary">back to summary</a></p>
<h3 id="m9">com.cognizant.tests.testScenario5.TC51_FetchHolidaysHomesAllFilters#fetchHolidayHomes</h3><table class="result"><tr class="param"><th>Parameter #1</th><th>Parameter #2</th><th>Parameter #3</th><th>Parameter #4</th><th>Parameter #5</th><th>Parameter #6</th><th>Parameter #7</th></tr><tr class="param stripe"><td>Nairobi,Kenya,Africa</td><td>tomorrow date</td><td>10.0</td><td>2.0</td><td>Low to High</td><td>Elder access</td><td>Internet</td></tr><tr><th colspan="7">Exception</th></tr><tr><td colspan="7"><div class="stacktrace">org.openqa.selenium.TimeoutException: Expected condition failed: waiting for element to be clickable: Proxy element for: DefaultElementLocator &apos;By.xpath: //input[contains(@placeholder,&apos;Where&apos;)]&apos; (tried for 30 second(s) with 500 milliseconds interval)
	at org.openqa.selenium.support.ui.WebDriverWait.timeoutException(WebDriverWait.java:95)
	at org.openqa.selenium.support.ui.FluentWait.until(FluentWait.java:272)
	at com.cognizant.businessFunctionality.CommonFunction.click(CommonFunction.java:49)
	at com.cognizant.tests.testScenario5.TC51_FetchHolidaysHomesAllFilters.searchFor(TC51_FetchHolidaysHomesAllFilters.java:51)
	at com.cognizant.tests.testScenario5.TC51_FetchHolidaysHomesAllFilters.fetchHolidayHomes(TC51_FetchHolidaysHomesAllFilters.java:186)
	at java.util.ArrayList.forEach(ArrayList.java:1257)
Caused by: org.openqa.selenium.NoSuchElementException: no such element: Unable to locate element: {&quot;method&quot;:&quot;xpath&quot;,&quot;selector&quot;:&quot;//input[contains(@placeholder,&apos;Where&apos;)]&quot;}
  (Session info: chrome=83.0.4103.106)
For documentation on this error, please visit: https://www.seleniumhq.org/exceptions/no_such_element.html
Build info: version: &apos;3.141.59&apos;, revision: &apos;e82be7d358&apos;, time: &apos;2018-11-14T08:17:03&apos;
System info: host: &apos;NEW-PC&apos;, ip: &apos;192.168.43.251&apos;, os.name: &apos;Windows 7&apos;, os.arch: &apos;x86&apos;, os.version: &apos;6.1&apos;, java.version: &apos;1.8.0_251&apos;
Driver info: org.openqa.selenium.chrome.ChromeDriver
Capabilities {acceptInsecureCerts: false, browserName: chrome, browserVersion: 83.0.4103.106, chrome: {chromedriverVersion: 83.0.4103.39 (ccbf011cb2d2b..., userDataDir: C:\Users\New\AppData\Local\...}, goog:chromeOptions: {debuggerAddress: localhost:62634}, javascriptEnabled: true, networkConnectionEnabled: false, pageLoadStrategy: normal, platform: WINDOWS, platformName: WINDOWS, proxy: Proxy(), setWindowRect: true, strictFileInteractability: false, timeouts: {implicit: 0, pageLoad: 300000, script: 30000}, unhandledPromptBehavior: dismiss and notify, webauthn:virtualAuthenticators: true}
Session ID: cc21e9fb68e3ff896fd67e5c0a429b2a
*** Element info: {Using=xpath, value=//input[contains(@placeholder,&apos;Where&apos;)]}
	at org.openqa.selenium.remote.http.W3CHttpResponseCodec.createException(W3CHttpResponseCodec.java:187)
	at org.openqa.selenium.remote.http.W3CHttpResponseCodec.decode(W3CHttpResponseCodec.java:122)
	at org.openqa.selenium.remote.http.W3CHttpResponseCodec.decode(W3CHttpResponseCodec.java:49)
	at org.openqa.selenium.remote.HttpCommandExecutor.execute(HttpCommandExecutor.java:158)
	at org.openqa.selenium.remote.service.DriverCommandExecutor.execute(DriverCommandExecutor.java:83)
	at org.openqa.selenium.remote.RemoteWebDriver.execute(RemoteWebDriver.java:552)
	at org.openqa.selenium.remote.RemoteWebDriver.findElement(RemoteWebDriver.java:323)
	at org.openqa.selenium.remote.RemoteWebDriver.findElementByXPath(RemoteWebDriver.java:428)
	at org.openqa.selenium.By$ByXPath.findElement(By.java:353)
	at org.openqa.selenium.remote.RemoteWebDriver.findElement(RemoteWebDriver.java:315)
	at org.openqa.selenium.support.pagefactory.DefaultElementLocator.findElement(DefaultElementLocator.java:69)
	at org.openqa.selenium.support.pagefactory.internal.LocatingElementHandler.invoke(LocatingElementHandler.java:38)
	at com.sun.proxy.$Proxy15.isDisplayed(Unknown Source)
	at org.openqa.selenium.support.ui.ExpectedConditions.elementIfVisible(ExpectedConditions.java:314)
	at org.openqa.selenium.support.ui.ExpectedConditions.access$000(ExpectedConditions.java:43)
	at org.openqa.selenium.support.ui.ExpectedConditions$10.apply(ExpectedConditions.java:300)
	at org.openqa.selenium.support.ui.ExpectedConditions$10.apply(ExpectedConditions.java:297)
	at org.openqa.selenium.support.ui.ExpectedConditions$23.apply(ExpectedConditions.java:670)
	at org.openqa.selenium.support.ui.ExpectedConditions$23.apply(ExpectedConditions.java:666)
	at org.openqa.selenium.support.ui.FluentWait.until(FluentWait.java:249)
	... 31 more
... Removed 31 stack frames</div></td></tr></table><p class="totop"><a href="#summary">back to summary</a></p>
<h3 id="m10">com.cognizant.tests.testScenario1.TC11_CheckAutoSuggestion#fetchHolidayHomes</h3><table class="result"><tr><th class="invisible"/></tr></table><p class="totop"><a href="#summary">back to summary</a></p>
<h3 id="m11">com.cognizant.tests.testScenario1.TC13_SearchBarHolidayHomes#fetchHolidayHomes</h3><table class="result"><tr><th class="invisible"/></tr></table><p class="totop"><a href="#summary">back to summary</a></p>
<h3 id="m12">com.cognizant.tests.testScenario1.TC14_VerifyWithDifferentLocationName#fetchHolidayHomes</h3><table class="result"><tr class="param"><th>Parameter #1</th></tr><tr class="param stripe"><td>Nairobi</td></tr></table><p class="totop"><a href="#summary">back to summary</a></p>
<h3 id="m13">com.cognizant.tests.testScenario1.TC14_VerifyWithDifferentLocationName#fetchHolidayHomes</h3><table class="result"><tr class="param"><th>Parameter #1</th></tr><tr class="param stripe"><td>Chennai</td></tr></table><p class="totop"><a href="#summary">back to summary</a></p>
<h3 id="m14">com.cognizant.tests.testScenario2.TC21_FetchHolidaysWithDates#fetchHolidayHomes</h3><table class="result"><tr><th class="invisible"/></tr></table><p class="totop"><a href="#summary">back to summary</a></p>
<h3 id="m15">com.cognizant.tests.testScenario2.TC22_FetchHolidayHomesWithoutDates#fetchHolidayHomes</h3><table class="result"><tr><th class="invisible"/></tr></table><p class="totop"><a href="#summary">back to summary</a></p>
<h3 id="m16">com.cognizant.tests.testScenario3.TC31_CheckGuestButton#fetchHolidayHomes</h3><table class="result"><tr><th class="invisible"/></tr></table><p class="totop"><a href="#summary">back to summary</a></p>
<h3 id="m17">com.cognizant.tests.testScenario6.TC61_CruiseButtonChecking#fetchCruises</h3><table class="result"><tr><th class="invisible"/></tr></table><p class="totop"><a href="#summary">back to summary</a></p>
<h3 id="m18">com.cognizant.tests.testScenario6.TC62_CruiseDropdownChecking#fetchCruises</h3><table class="result"><tr><th class="invisible"/></tr></table><p class="totop"><a href="#summary">back to summary</a></p>
<h3 id="m19">com.cognizant.tests.testScenario6.TC63_CheckSearchButton#fetchCruises</h3><table class="result"><tr><th class="invisible"/></tr></table><p class="totop"><a href="#summary">back to summary</a></p>
<h3 id="m20">com.cognizant.tests.testScenario6.TC64_FetchCruiseDetails#fetchCruises</h3><table class="result"><tr class="param"><th>Parameter #1</th><th>Parameter #2</th></tr><tr class="param stripe"><td>AmaWaterways</td><td>AmaCerto</td></tr></table><p class="totop"><a href="#summary">back to summary</a></p>
<h3 id="m21">com.cognizant.tests.testScenario6.TC64_FetchCruiseDetails#fetchCruises</h3><table class="result"><tr class="param"><th>Parameter #1</th><th>Parameter #2</th></tr><tr class="param stripe"><td>APT</td><td>AmaLotus</td></tr></table><p class="totop"><a href="#summary">back to summary</a></p>
</body>
</html>
