<!DOCTYPE html>

<html>
  <head>
  <meta charset='utf-8'>
  <title>TestNG reports</title>

    <link type="text/css" href="testng-reports.css" rel="stylesheet" />
    <script type="text/javascript" src="jquery-1.7.1.min.js"></script>
    <script type="text/javascript" src="testng-reports.js"></script>
    <script type="text/javascript" src="https://www.google.com/jsapi"></script>
    <script type='text/javascript'>
      google.load('visualization', '1', {packages:['table']});
      google.setOnLoadCallback(drawTable);
      var suiteTableInitFunctions = new Array();
      var suiteTableData = new Array();
    </script>
    <!--
      <script type="text/javascript" src="jquery-ui/js/jquery-ui-1.8.16.custom.min.js"></script>
     -->
  </head>

  <body>
    <div class="top-banner-root">
      <span class="top-banner-title-font">Test results</span>
      <br/>
      <span class="top-banner-font-1">1 suite, 10 failed tests</span>
    </div> <!-- top-banner-root -->
    <div class="navigator-root">
      <div class="navigator-suite-header">
        <span>All suites</span>
        <a href="#" class="collapse-all-link" title="Collapse/expand all the suites">
          <img class="collapse-all-icon" src="collapseall.gif">
          </img> <!-- collapse-all-icon -->
        </a> <!-- collapse-all-link -->
      </div> <!-- navigator-suite-header -->
      <div class="suite">
        <div class="rounded-window">
          <div class="suite-header light-rounded-window-top">
            <a href="#" class="navigator-link" panel-name="suite-Suite">
              <span class="suite-name border-failed">Suite</span>
            </a> <!-- navigator-link -->
          </div> <!-- suite-header light-rounded-window-top -->
          <div class="navigator-suite-content">
            <div class="suite-section-title">
              <span>Info</span>
            </div> <!-- suite-section-title -->
            <div class="suite-section-content">
              <ul>
                <li>
                  <a href="#" class="navigator-link " panel-name="test-xml-Suite">
                    <span>C:\Users\New\git\Trip-Advisor\Trip-Advisor\testng.xml</span>
                  </a> <!-- navigator-link  -->
                </li>
                <li>
                  <a href="#" class="navigator-link " panel-name="testlist-Suite">
                    <span class="test-stats">1 test</span>
                  </a> <!-- navigator-link  -->
                </li>
                <li>
                  <a href="#" class="navigator-link " panel-name="group-Suite">
                    <span>3 groups</span>
                  </a> <!-- navigator-link  -->
                </li>
                <li>
                  <a href="#" class="navigator-link " panel-name="times-Suite">
                    <span>Times</span>
                  </a> <!-- navigator-link  -->
                </li>
                <li>
                  <a href="#" class="navigator-link " panel-name="reporter-Suite">
                    <span>Reporter output</span>
                  </a> <!-- navigator-link  -->
                </li>
                <li>
                  <a href="#" class="navigator-link " panel-name="ignored-methods-Suite">
                    <span>Ignored methods</span>
                  </a> <!-- navigator-link  -->
                </li>
                <li>
                  <a href="#" class="navigator-link " panel-name="chronological-Suite">
                    <span>Chronological view</span>
                  </a> <!-- navigator-link  -->
                </li>
              </ul>
            </div> <!-- suite-section-content -->
            <div class="result-section">
              <div class="suite-section-title">
                <span>Results</span>
              </div> <!-- suite-section-title -->
              <div class="suite-section-content">
                <ul>
                  <li>
                    <span class="method-stats">22 methods, 10 failed,   12 passed</span>
                  </li>
                  <li>
                    <span class="method-list-title failed">Failed methods</span>
                    <span class="show-or-hide-methods failed">
                      <a href="#" panel-name="suite-Suite" class="hide-methods failed suite-Suite"> (hide)</a> <!-- hide-methods failed suite-Suite -->
                      <a href="#" panel-name="suite-Suite" class="show-methods failed suite-Suite"> (show)</a> <!-- show-methods failed suite-Suite -->
                    </span>
                    <div class="method-list-content failed suite-Suite">
                      <span>
                        <img width="3%" src="failed.png"/>
                        <a href="#" class="method navigator-link" panel-name="suite-Suite" title="com.cognizant.tests.testScenario1.TC12_VerifyHolidayHomesViaMoreTab" hash-for-method="fetchHolidayHomes">fetchHolidayHomes</a> <!-- method navigator-link -->
                      </span>
                      <br/>
                      <span>
                        <img width="3%" src="failed.png"/>
                        <a href="#" class="method navigator-link" panel-name="suite-Suite" title="com.cognizant.tests.testScenario4.TC41_SortByFilter" hash-for-method="fetchHolidayHomes">fetchHolidayHomes</a> <!-- method navigator-link -->
                      </span>
                      <br/>
                      <span>
                        <img width="3%" src="failed.png"/>
                        <a href="#" class="method navigator-link" panel-name="suite-Suite" title="com.cognizant.tests.testScenario4.TC42_AmenitiesBasedFilter" hash-for-method="fetchHolidayHomes">fetchHolidayHomes</a> <!-- method navigator-link -->
                      </span>
                      <br/>
                      <span>
                        <img width="3%" src="failed.png"/>
                        <a href="#" class="method navigator-link" panel-name="suite-Suite" title="com.cognizant.tests.testScenario5.TC51_FetchHolidaysHomesAllFilters" hash-for-method="fetchHolidayHomes(Nairobi,Kenya,Africa, tomorrow date, 5.0, 4.0, Traveller Rating, Pet friendly, Wi-Fi)">fetchHolidayHomes(Nairobi,Kenya,Africa, tomorrow date, 5.0, 4.0, Traveller Rating, Pet friendly, Wi-Fi)</a> <!-- method navigator-link -->
                      </span>
                      <br/>
                      <span>
                        <img width="3%" src="failed.png"/>
                        <a href="#" class="method navigator-link" panel-name="suite-Suite" title="com.cognizant.tests.testScenario4.TC44_ClearFilters" hash-for-method="fetchHolidayHomes">fetchHolidayHomes</a> <!-- method navigator-link -->
                      </span>
                      <br/>
                      <span>
                        <img width="3%" src="failed.png"/>
                        <a href="#" class="method navigator-link" panel-name="suite-Suite" title="com.cognizant.tests.testScenario1.TC14_VerifyWithDifferentLocationName" hash-for-method="fetchHolidayHomes(chn)">fetchHolidayHomes(chn)</a> <!-- method navigator-link -->
                      </span>
                      <br/>
                      <span>
                        <img width="3%" src="failed.png"/>
                        <a href="#" class="method navigator-link" panel-name="suite-Suite" title="com.cognizant.tests.testScenario5.TC51_FetchHolidaysHomesAllFilters" hash-for-method="fetchHolidayHomes(Nairobi,Kenya,Africa, tomorrow date, 6.0, 6.0, High to Low, Kid Friendly, Elevator/Lift access)">fetchHolidayHomes(Nairobi,Kenya,Africa, tomorrow date, 6.0, 6.0, High to Low, Kid Friendly, Elevator/Lift access)</a> <!-- method navigator-link -->
                      </span>
                      <br/>
                      <span>
                        <img width="3%" src="failed.png"/>
                        <a href="#" class="method navigator-link" panel-name="suite-Suite" title="com.cognizant.tests.testScenario3.TC32_GuestCountVerification" hash-for-method="fetchHolidayHomes">fetchHolidayHomes</a> <!-- method navigator-link -->
                      </span>
                      <br/>
                      <span>
                        <img width="3%" src="failed.png"/>
                        <a href="#" class="method navigator-link" panel-name="suite-Suite" title="com.cognizant.tests.testScenario4.TC43_SuitabilityBasedFilter" hash-for-method="fetchHolidayHomes">fetchHolidayHomes</a> <!-- method navigator-link -->
                      </span>
                      <br/>
                      <span>
                        <img width="3%" src="failed.png"/>
                        <a href="#" class="method navigator-link" panel-name="suite-Suite" title="com.cognizant.tests.testScenario5.TC51_FetchHolidaysHomesAllFilters" hash-for-method="fetchHolidayHomes(Nairobi,Kenya,Africa, tomorrow date, 10.0, 2.0, Low to High, Elder access, Internet)">fetchHolidayHomes(Nairobi,Kenya,Africa, tomorrow date, 10.0, 2.0, Low to High, Elder access, Internet)</a> <!-- method navigator-link -->
                      </span>
                      <br/>
                    </div> <!-- method-list-content failed suite-Suite -->
                  </li>
                  <li>
                    <span class="method-list-title passed">Passed methods</span>
                    <span class="show-or-hide-methods passed">
                      <a href="#" panel-name="suite-Suite" class="hide-methods passed suite-Suite"> (hide)</a> <!-- hide-methods passed suite-Suite -->
                      <a href="#" panel-name="suite-Suite" class="show-methods passed suite-Suite"> (show)</a> <!-- show-methods passed suite-Suite -->
                    </span>
                    <div class="method-list-content passed suite-Suite">
                      <span>
                        <img width="3%" src="passed.png"/>
                        <a href="#" class="method navigator-link" panel-name="suite-Suite" title="com.cognizant.tests.testScenario6.TC64_FetchCruiseDetails" hash-for-method="fetchCruises(AmaWaterways, AmaCerto)">fetchCruises(AmaWaterways, AmaCerto)</a> <!-- method navigator-link -->
                      </span>
                      <br/>
                      <span>
                        <img width="3%" src="passed.png"/>
                        <a href="#" class="method navigator-link" panel-name="suite-Suite" title="com.cognizant.tests.testScenario6.TC64_FetchCruiseDetails" hash-for-method="fetchCruises(APT, AmaLotus)">fetchCruises(APT, AmaLotus)</a> <!-- method navigator-link -->
                      </span>
                      <br/>
                      <span>
                        <img width="3%" src="passed.png"/>
                        <a href="#" class="method navigator-link" panel-name="suite-Suite" title="com.cognizant.tests.testScenario6.TC62_CruiseDropdownChecking" hash-for-method="fetchCruises">fetchCruises</a> <!-- method navigator-link -->
                      </span>
                      <br/>
                      <span>
                        <img width="3%" src="passed.png"/>
                        <a href="#" class="method navigator-link" panel-name="suite-Suite" title="com.cognizant.tests.testScenario6.TC61_CruiseButtonChecking" hash-for-method="fetchCruises">fetchCruises</a> <!-- method navigator-link -->
                      </span>
                      <br/>
                      <span>
                        <img width="3%" src="passed.png"/>
                        <a href="#" class="method navigator-link" panel-name="suite-Suite" title="com.cognizant.tests.testScenario6.TC63_CheckSearchButton" hash-for-method="fetchCruises">fetchCruises</a> <!-- method navigator-link -->
                      </span>
                      <br/>
                      <span>
                        <img width="3%" src="passed.png"/>
                        <a href="#" class="method navigator-link" panel-name="suite-Suite" title="com.cognizant.tests.testScenario1.TC13_SearchBarHolidayHomes" hash-for-method="fetchHolidayHomes">fetchHolidayHomes</a> <!-- method navigator-link -->
                      </span>
                      <br/>
                      <span>
                        <img width="3%" src="passed.png"/>
                        <a href="#" class="method navigator-link" panel-name="suite-Suite" title="com.cognizant.tests.testScenario1.TC14_VerifyWithDifferentLocationName" hash-for-method="fetchHolidayHomes(Nairobi)">fetchHolidayHomes(Nairobi)</a> <!-- method navigator-link -->
                      </span>
                      <br/>
                      <span>
                        <img width="3%" src="passed.png"/>
                        <a href="#" class="method navigator-link" panel-name="suite-Suite" title="com.cognizant.tests.testScenario1.TC14_VerifyWithDifferentLocationName" hash-for-method="fetchHolidayHomes(Chennai)">fetchHolidayHomes(Chennai)</a> <!-- method navigator-link -->
                      </span>
                      <br/>
                      <span>
                        <img width="3%" src="passed.png"/>
                        <a href="#" class="method navigator-link" panel-name="suite-Suite" title="com.cognizant.tests.testScenario2.TC21_FetchHolidaysWithDates" hash-for-method="fetchHolidayHomes">fetchHolidayHomes</a> <!-- method navigator-link -->
                      </span>
                      <br/>
                      <span>
                        <img width="3%" src="passed.png"/>
                        <a href="#" class="method navigator-link" panel-name="suite-Suite" title="com.cognizant.tests.testScenario2.TC22_FetchHolidayHomesWithoutDates" hash-for-method="fetchHolidayHomes">fetchHolidayHomes</a> <!-- method navigator-link -->
                      </span>
                      <br/>
                      <span>
                        <img width="3%" src="passed.png"/>
                        <a href="#" class="method navigator-link" panel-name="suite-Suite" title="com.cognizant.tests.testScenario1.TC11_CheckAutoSuggestion" hash-for-method="fetchHolidayHomes">fetchHolidayHomes</a> <!-- method navigator-link -->
                      </span>
                      <br/>
                      <span>
                        <img width="3%" src="passed.png"/>
                        <a href="#" class="method navigator-link" panel-name="suite-Suite" title="com.cognizant.tests.testScenario3.TC31_CheckGuestButton" hash-for-method="fetchHolidayHomes">fetchHolidayHomes</a> <!-- method navigator-link -->
                      </span>
                      <br/>
                    </div> <!-- method-list-content passed suite-Suite -->
                  </li>
                </ul>
              </div> <!-- suite-section-content -->
            </div> <!-- result-section -->
          </div> <!-- navigator-suite-content -->
        </div> <!-- rounded-window -->
      </div> <!-- suite -->
    </div> <!-- navigator-root -->
    <div class="wrapper">
      <div class="main-panel-root">
        <div panel-name="suite-Suite" class="panel Suite">
          <div class="suite-Suite-class-failed">
            <div class="main-panel-header rounded-window-top">
              <img src="failed.png"/>
              <span class="class-name">com.cognizant.tests.testScenario1.TC14_VerifyWithDifferentLocationName</span>
            </div> <!-- main-panel-header rounded-window-top -->
            <div class="main-panel-content rounded-window-bottom">
              <div class="method">
                <div class="method-content">
                  <a name="fetchHolidayHomes(chn)">
                  </a> <!-- fetchHolidayHomes(chn) -->
                  <span class="method-name">fetchHolidayHomes</span>
                  <span class="parameters">(chn)</span>
                  <div class="stack-trace">org.openqa.selenium.TimeoutException: Expected condition failed: waiting for visibility of Proxy element for: DefaultElementLocator &apos;By.xpath: //div[@id=&apos;HEADING&apos;]/h1[@class=&apos;page_h1_line1&apos;]&apos; (tried for 30 second(s) with 500 milliseconds interval)
	at org.openqa.selenium.support.ui.WebDriverWait.timeoutException(WebDriverWait.java:95)
	at org.openqa.selenium.support.ui.FluentWait.until(FluentWait.java:272)
	at com.cognizant.businessFunctionality.CommonFunction.getElementValue(CommonFunction.java:42)
	at com.cognizant.tests.testScenario1.TC14_VerifyWithDifferentLocationName.provideDetails(TC14_VerifyWithDifferentLocationName.java:58)
	at com.cognizant.tests.testScenario1.TC14_VerifyWithDifferentLocationName.fetchHolidayHomes(TC14_VerifyWithDifferentLocationName.java:111)
	at java.util.ArrayList.forEach(ArrayList.java:1257)
Caused by: org.openqa.selenium.NoSuchElementException: no such element: Unable to locate element: {&quot;method&quot;:&quot;xpath&quot;,&quot;selector&quot;:&quot;//div[@id=&apos;HEADING&apos;]/h1[@class=&apos;page_h1_line1&apos;]&quot;}
  (Session info: chrome=83.0.4103.106)
For documentation on this error, please visit: https://www.seleniumhq.org/exceptions/no_such_element.html
Build info: version: &apos;3.141.59&apos;, revision: &apos;e82be7d358&apos;, time: &apos;2018-11-14T08:17:03&apos;
System info: host: &apos;NEW-PC&apos;, ip: &apos;192.168.43.251&apos;, os.name: &apos;Windows 7&apos;, os.arch: &apos;x86&apos;, os.version: &apos;6.1&apos;, java.version: &apos;1.8.0_251&apos;
Driver info: org.openqa.selenium.chrome.ChromeDriver
Capabilities {acceptInsecureCerts: false, browserName: chrome, browserVersion: 83.0.4103.106, chrome: {chromedriverVersion: 83.0.4103.39 (ccbf011cb2d2b..., userDataDir: C:\Users\New\AppData\Local\...}, goog:chromeOptions: {debuggerAddress: localhost:62634}, javascriptEnabled: true, networkConnectionEnabled: false, pageLoadStrategy: normal, platform: WINDOWS, platformName: WINDOWS, proxy: Proxy(), setWindowRect: true, strictFileInteractability: false, timeouts: {implicit: 0, pageLoad: 300000, script: 30000}, unhandledPromptBehavior: dismiss and notify, webauthn:virtualAuthenticators: true}
Session ID: cc21e9fb68e3ff896fd67e5c0a429b2a
*** Element info: {Using=xpath, value=//div[@id=&apos;HEADING&apos;]/h1[@class=&apos;page_h1_line1&apos;]}
	at org.openqa.selenium.remote.http.W3CHttpResponseCodec.createException(W3CHttpResponseCodec.java:187)
	at org.openqa.selenium.remote.http.W3CHttpResponseCodec.decode(W3CHttpResponseCodec.java:122)
	at org.openqa.selenium.remote.http.W3CHttpResponseCodec.decode(W3CHttpResponseCodec.java:49)
	at org.openqa.selenium.remote.HttpCommandExecutor.execute(HttpCommandExecutor.java:158)
	at org.openqa.selenium.remote.service.DriverCommandExecutor.execute(DriverCommandExecutor.java:83)
	at org.openqa.selenium.remote.RemoteWebDriver.execute(RemoteWebDriver.java:552)
	at org.openqa.selenium.remote.RemoteWebDriver.findElement(RemoteWebDriver.java:323)
	at org.openqa.selenium.remote.RemoteWebDriver.findElementByXPath(RemoteWebDriver.java:428)
	at org.openqa.selenium.By$ByXPath.findElement(By.java:353)
	at org.openqa.selenium.remote.RemoteWebDriver.findElement(RemoteWebDriver.java:315)
	at org.openqa.selenium.support.pagefactory.DefaultElementLocator.findElement(DefaultElementLocator.java:69)
	at org.openqa.selenium.support.pagefactory.internal.LocatingElementHandler.invoke(LocatingElementHandler.java:38)
	at com.sun.proxy.$Proxy15.isDisplayed(Unknown Source)
	at org.openqa.selenium.support.ui.ExpectedConditions.elementIfVisible(ExpectedConditions.java:314)
	at org.openqa.selenium.support.ui.ExpectedConditions.access$000(ExpectedConditions.java:43)
	at org.openqa.selenium.support.ui.ExpectedConditions$10.apply(ExpectedConditions.java:300)
	at org.openqa.selenium.support.ui.ExpectedConditions$10.apply(ExpectedConditions.java:297)
	at org.openqa.selenium.support.ui.FluentWait.until(FluentWait.java:249)
	... 31 more
... Removed 31 stack frames
</div> <!-- stack-trace -->
                </div> <!-- method-content -->
              </div> <!-- method -->
            </div> <!-- main-panel-content rounded-window-bottom -->
          </div> <!-- suite-Suite-class-failed -->
          <div class="suite-Suite-class-failed">
            <div class="main-panel-header rounded-window-top">
              <img src="failed.png"/>
              <span class="class-name">com.cognizant.tests.testScenario4.TC41_SortByFilter</span>
            </div> <!-- main-panel-header rounded-window-top -->
            <div class="main-panel-content rounded-window-bottom">
              <div class="method">
                <div class="method-content">
                  <a name="fetchHolidayHomes">
                  </a> <!-- fetchHolidayHomes -->
                  <span class="method-name">fetchHolidayHomes</span>
                  <div class="stack-trace">org.openqa.selenium.InvalidElementStateException: invalid element state
  (Session info: chrome=83.0.4103.106)
Build info: version: &apos;3.141.59&apos;, revision: &apos;e82be7d358&apos;, time: &apos;2018-11-14T08:17:03&apos;
System info: host: &apos;NEW-PC&apos;, ip: &apos;192.168.43.251&apos;, os.name: &apos;Windows 7&apos;, os.arch: &apos;x86&apos;, os.version: &apos;6.1&apos;, java.version: &apos;1.8.0_251&apos;
Driver info: org.openqa.selenium.chrome.ChromeDriver
Capabilities {acceptInsecureCerts: false, browserName: chrome, browserVersion: 83.0.4103.106, chrome: {chromedriverVersion: 83.0.4103.39 (ccbf011cb2d2b..., userDataDir: C:\Users\New\AppData\Local\...}, goog:chromeOptions: {debuggerAddress: localhost:62634}, javascriptEnabled: true, networkConnectionEnabled: false, pageLoadStrategy: normal, platform: WINDOWS, platformName: WINDOWS, proxy: Proxy(), setWindowRect: true, strictFileInteractability: false, timeouts: {implicit: 0, pageLoad: 300000, script: 30000}, unhandledPromptBehavior: dismiss and notify, webauthn:virtualAuthenticators: true}
Session ID: cc21e9fb68e3ff896fd67e5c0a429b2a
	at org.openqa.selenium.remote.http.W3CHttpResponseCodec.createException(W3CHttpResponseCodec.java:187)
	at org.openqa.selenium.remote.http.W3CHttpResponseCodec.decode(W3CHttpResponseCodec.java:122)
	at org.openqa.selenium.remote.http.W3CHttpResponseCodec.decode(W3CHttpResponseCodec.java:49)
	at org.openqa.selenium.remote.HttpCommandExecutor.execute(HttpCommandExecutor.java:158)
	at org.openqa.selenium.remote.service.DriverCommandExecutor.execute(DriverCommandExecutor.java:83)
	at org.openqa.selenium.remote.RemoteWebDriver.execute(RemoteWebDriver.java:552)
	at org.openqa.selenium.remote.RemoteWebElement.execute(RemoteWebElement.java:285)
	at org.openqa.selenium.remote.RemoteWebElement.clear(RemoteWebElement.java:124)
	at org.openqa.selenium.support.pagefactory.internal.LocatingElementHandler.invoke(LocatingElementHandler.java:51)
	at com.sun.proxy.$Proxy15.clear(Unknown Source)
	at com.cognizant.tests.testScenario4.TC41_SortByFilter.provideDetails(TC41_SortByFilter.java:43)
	at com.cognizant.tests.testScenario4.TC41_SortByFilter.fetchHolidayHomes(TC41_SortByFilter.java:77)
	at java.util.ArrayList.forEach(ArrayList.java:1257)
... Removed 35 stack frames
</div> <!-- stack-trace -->
                </div> <!-- method-content -->
              </div> <!-- method -->
            </div> <!-- main-panel-content rounded-window-bottom -->
          </div> <!-- suite-Suite-class-failed -->
          <div class="suite-Suite-class-failed">
            <div class="main-panel-header rounded-window-top">
              <img src="failed.png"/>
              <span class="class-name">com.cognizant.tests.testScenario4.TC42_AmenitiesBasedFilter</span>
            </div> <!-- main-panel-header rounded-window-top -->
            <div class="main-panel-content rounded-window-bottom">
              <div class="method">
                <div class="method-content">
                  <a name="fetchHolidayHomes">
                  </a> <!-- fetchHolidayHomes -->
                  <span class="method-name">fetchHolidayHomes</span>
                  <div class="stack-trace">org.openqa.selenium.NoSuchElementException: no such element: Unable to locate element: {&quot;method&quot;:&quot;xpath&quot;,&quot;selector&quot;:&quot;//li[@class=&apos;yJ4mfBYR&apos;][1]&quot;}
  (Session info: chrome=83.0.4103.106)
For documentation on this error, please visit: https://www.seleniumhq.org/exceptions/no_such_element.html
Build info: version: &apos;3.141.59&apos;, revision: &apos;e82be7d358&apos;, time: &apos;2018-11-14T08:17:03&apos;
System info: host: &apos;NEW-PC&apos;, ip: &apos;192.168.43.251&apos;, os.name: &apos;Windows 7&apos;, os.arch: &apos;x86&apos;, os.version: &apos;6.1&apos;, java.version: &apos;1.8.0_251&apos;
Driver info: org.openqa.selenium.chrome.ChromeDriver
Capabilities {acceptInsecureCerts: false, browserName: chrome, browserVersion: 83.0.4103.106, chrome: {chromedriverVersion: 83.0.4103.39 (ccbf011cb2d2b..., userDataDir: C:\Users\New\AppData\Local\...}, goog:chromeOptions: {debuggerAddress: localhost:62634}, javascriptEnabled: true, networkConnectionEnabled: false, pageLoadStrategy: normal, platform: WINDOWS, platformName: WINDOWS, proxy: Proxy(), setWindowRect: true, strictFileInteractability: false, timeouts: {implicit: 0, pageLoad: 300000, script: 30000}, unhandledPromptBehavior: dismiss and notify, webauthn:virtualAuthenticators: true}
Session ID: cc21e9fb68e3ff896fd67e5c0a429b2a
*** Element info: {Using=xpath, value=//li[@class=&apos;yJ4mfBYR&apos;][1]}
	at org.openqa.selenium.remote.http.W3CHttpResponseCodec.createException(W3CHttpResponseCodec.java:187)
	at org.openqa.selenium.remote.http.W3CHttpResponseCodec.decode(W3CHttpResponseCodec.java:122)
	at org.openqa.selenium.remote.http.W3CHttpResponseCodec.decode(W3CHttpResponseCodec.java:49)
	at org.openqa.selenium.remote.HttpCommandExecutor.execute(HttpCommandExecutor.java:158)
	at org.openqa.selenium.remote.service.DriverCommandExecutor.execute(DriverCommandExecutor.java:83)
	at org.openqa.selenium.remote.RemoteWebDriver.execute(RemoteWebDriver.java:552)
	at org.openqa.selenium.remote.RemoteWebDriver.findElement(RemoteWebDriver.java:323)
	at org.openqa.selenium.remote.RemoteWebDriver.findElementByXPath(RemoteWebDriver.java:428)
	at org.openqa.selenium.By$ByXPath.findElement(By.java:353)
	at org.openqa.selenium.remote.RemoteWebDriver.findElement(RemoteWebDriver.java:315)
	at org.openqa.selenium.support.pagefactory.DefaultElementLocator.findElement(DefaultElementLocator.java:69)
	at org.openqa.selenium.support.pagefactory.internal.LocatingElementHandler.invoke(LocatingElementHandler.java:38)
	at com.sun.proxy.$Proxy15.getWrappedElement(Unknown Source)
	at org.openqa.selenium.remote.internal.WebElementToJsonConverter.apply(WebElementToJsonConverter.java:50)
	at java.util.stream.ReferencePipeline$3$1.accept(ReferencePipeline.java:193)
	at java.util.Spliterators$ArraySpliterator.forEachRemaining(Spliterators.java:948)
	at java.util.stream.AbstractPipeline.copyInto(AbstractPipeline.java:482)
	at java.util.stream.AbstractPipeline.wrapAndCopyInto(AbstractPipeline.java:472)
	at java.util.stream.ReduceOps$ReduceOp.evaluateSequential(ReduceOps.java:708)
	at java.util.stream.AbstractPipeline.evaluate(AbstractPipeline.java:234)
	at java.util.stream.ReferencePipeline.collect(ReferencePipeline.java:499)
	at org.openqa.selenium.remote.RemoteWebDriver.executeScript(RemoteWebDriver.java:484)
	at com.cognizant.businessFunctionality.CommonFunction.getChosenFilters(CommonFunction.java:88)
	at com.cognizant.tests.testScenario4.TC42_AmenitiesBasedFilter.choosingAmenities(TC42_AmenitiesBasedFilter.java:87)
	at com.cognizant.tests.testScenario4.TC42_AmenitiesBasedFilter.fetchHolidayHomes(TC42_AmenitiesBasedFilter.java:136)
	at java.util.ArrayList.forEach(ArrayList.java:1257)
... Removed 31 stack frames
</div> <!-- stack-trace -->
                </div> <!-- method-content -->
              </div> <!-- method -->
            </div> <!-- main-panel-content rounded-window-bottom -->
          </div> <!-- suite-Suite-class-failed -->
          <div class="suite-Suite-class-failed">
            <div class="main-panel-header rounded-window-top">
              <img src="failed.png"/>
              <span class="class-name">com.cognizant.tests.testScenario5.TC51_FetchHolidaysHomesAllFilters</span>
            </div> <!-- main-panel-header rounded-window-top -->
            <div class="main-panel-content rounded-window-bottom">
              <div class="method">
                <div class="method-content">
                  <a name="fetchHolidayHomes(Nairobi,Kenya,Africa, tomorrow date, 5.0, 4.0, Traveller Rating, Pet friendly, Wi-Fi)">
                  </a> <!-- fetchHolidayHomes(Nairobi,Kenya,Africa, tomorrow date, 5.0, 4.0, Traveller Rating, Pet friendly, Wi-Fi) -->
                  <span class="method-name">fetchHolidayHomes</span>
                  <span class="parameters">(Nairobi,Kenya,Africa, tomorrow date, 5.0, 4.0, Traveller Rating, Pet friendly, Wi-Fi)</span>
                  <div class="stack-trace">org.openqa.selenium.StaleElementReferenceException: stale element reference: element is not attached to the page document
  (Session info: chrome=83.0.4103.106)
For documentation on this error, please visit: https://www.seleniumhq.org/exceptions/stale_element_reference.html
Build info: version: &apos;3.141.59&apos;, revision: &apos;e82be7d358&apos;, time: &apos;2018-11-14T08:17:03&apos;
System info: host: &apos;NEW-PC&apos;, ip: &apos;192.168.43.251&apos;, os.name: &apos;Windows 7&apos;, os.arch: &apos;x86&apos;, os.version: &apos;6.1&apos;, java.version: &apos;1.8.0_251&apos;
Driver info: org.openqa.selenium.chrome.ChromeDriver
Capabilities {acceptInsecureCerts: false, browserName: chrome, browserVersion: 83.0.4103.106, chrome: {chromedriverVersion: 83.0.4103.39 (ccbf011cb2d2b..., userDataDir: C:\Users\New\AppData\Local\...}, goog:chromeOptions: {debuggerAddress: localhost:62634}, javascriptEnabled: true, networkConnectionEnabled: false, pageLoadStrategy: normal, platform: WINDOWS, platformName: WINDOWS, proxy: Proxy(), setWindowRect: true, strictFileInteractability: false, timeouts: {implicit: 0, pageLoad: 300000, script: 30000}, unhandledPromptBehavior: dismiss and notify, webauthn:virtualAuthenticators: true}
Session ID: cc21e9fb68e3ff896fd67e5c0a429b2a
	at org.openqa.selenium.remote.http.W3CHttpResponseCodec.createException(W3CHttpResponseCodec.java:187)
	at org.openqa.selenium.remote.http.W3CHttpResponseCodec.decode(W3CHttpResponseCodec.java:122)
	at org.openqa.selenium.remote.http.W3CHttpResponseCodec.decode(W3CHttpResponseCodec.java:49)
	at org.openqa.selenium.remote.HttpCommandExecutor.execute(HttpCommandExecutor.java:158)
	at org.openqa.selenium.remote.service.DriverCommandExecutor.execute(DriverCommandExecutor.java:83)
	at org.openqa.selenium.remote.RemoteWebDriver.execute(RemoteWebDriver.java:552)
	at org.openqa.selenium.remote.RemoteWebElement.execute(RemoteWebElement.java:285)
	at org.openqa.selenium.remote.RemoteWebElement.isDisplayed(RemoteWebElement.java:326)
	at org.openqa.selenium.support.ui.ExpectedConditions$9.apply(ExpectedConditions.java:274)
	at org.openqa.selenium.support.ui.ExpectedConditions$9.apply(ExpectedConditions.java:270)
	at org.openqa.selenium.support.ui.FluentWait.until(FluentWait.java:249)
	at com.cognizant.businessFunctionality.CommonFunction.getHolidayHomes(CommonFunction.java:65)
	at com.cognizant.tests.testScenario5.TC51_FetchHolidaysHomesAllFilters.displayDetails(TC51_FetchHolidaysHomesAllFilters.java:143)
	at com.cognizant.tests.testScenario5.TC51_FetchHolidaysHomesAllFilters.fetchHolidayHomes(TC51_FetchHolidaysHomesAllFilters.java:197)
	at java.util.ArrayList.forEach(ArrayList.java:1257)
... Removed 31 stack frames
</div> <!-- stack-trace -->
                </div> <!-- method-content -->
              </div> <!-- method -->
              <div class="method">
                <div class="method-content">
                  <a name="fetchHolidayHomes(Nairobi,Kenya,Africa, tomorrow date, 6.0, 6.0, High to Low, Kid Friendly, Elevator/Lift access)">
                  </a> <!-- fetchHolidayHomes(Nairobi,Kenya,Africa, tomorrow date, 6.0, 6.0, High to Low, Kid Friendly, Elevator/Lift access) -->
                  <span class="method-name">fetchHolidayHomes</span>
                  <span class="parameters">(Nairobi,Kenya,Africa, tomorrow date, 6.0, 6.0, High to Low, Kid Friendly, Elevator/Lift access)</span>
                  <div class="stack-trace">org.openqa.selenium.TimeoutException: Expected condition failed: waiting for element to be clickable: Proxy element for: DefaultElementLocator &apos;By.xpath: //input[contains(@placeholder,&apos;Where&apos;)]&apos; (tried for 30 second(s) with 500 milliseconds interval)
	at org.openqa.selenium.support.ui.WebDriverWait.timeoutException(WebDriverWait.java:95)
	at org.openqa.selenium.support.ui.FluentWait.until(FluentWait.java:272)
	at com.cognizant.businessFunctionality.CommonFunction.click(CommonFunction.java:49)
	at com.cognizant.tests.testScenario5.TC51_FetchHolidaysHomesAllFilters.searchFor(TC51_FetchHolidaysHomesAllFilters.java:51)
	at com.cognizant.tests.testScenario5.TC51_FetchHolidaysHomesAllFilters.fetchHolidayHomes(TC51_FetchHolidaysHomesAllFilters.java:186)
	at java.util.ArrayList.forEach(ArrayList.java:1257)
Caused by: org.openqa.selenium.NoSuchElementException: no such element: Unable to locate element: {&quot;method&quot;:&quot;xpath&quot;,&quot;selector&quot;:&quot;//input[contains(@placeholder,&apos;Where&apos;)]&quot;}
  (Session info: chrome=83.0.4103.106)
For documentation on this error, please visit: https://www.seleniumhq.org/exceptions/no_such_element.html
Build info: version: &apos;3.141.59&apos;, revision: &apos;e82be7d358&apos;, time: &apos;2018-11-14T08:17:03&apos;
System info: host: &apos;NEW-PC&apos;, ip: &apos;192.168.43.251&apos;, os.name: &apos;Windows 7&apos;, os.arch: &apos;x86&apos;, os.version: &apos;6.1&apos;, java.version: &apos;1.8.0_251&apos;
Driver info: org.openqa.selenium.chrome.ChromeDriver
Capabilities {acceptInsecureCerts: false, browserName: chrome, browserVersion: 83.0.4103.106, chrome: {chromedriverVersion: 83.0.4103.39 (ccbf011cb2d2b..., userDataDir: C:\Users\New\AppData\Local\...}, goog:chromeOptions: {debuggerAddress: localhost:62634}, javascriptEnabled: true, networkConnectionEnabled: false, pageLoadStrategy: normal, platform: WINDOWS, platformName: WINDOWS, proxy: Proxy(), setWindowRect: true, strictFileInteractability: false, timeouts: {implicit: 0, pageLoad: 300000, script: 30000}, unhandledPromptBehavior: dismiss and notify, webauthn:virtualAuthenticators: true}
Session ID: cc21e9fb68e3ff896fd67e5c0a429b2a
*** Element info: {Using=xpath, value=//input[contains(@placeholder,&apos;Where&apos;)]}
	at org.openqa.selenium.remote.http.W3CHttpResponseCodec.createException(W3CHttpResponseCodec.java:187)
	at org.openqa.selenium.remote.http.W3CHttpResponseCodec.decode(W3CHttpResponseCodec.java:122)
	at org.openqa.selenium.remote.http.W3CHttpResponseCodec.decode(W3CHttpResponseCodec.java:49)
	at org.openqa.selenium.remote.HttpCommandExecutor.execute(HttpCommandExecutor.java:158)
	at org.openqa.selenium.remote.service.DriverCommandExecutor.execute(DriverCommandExecutor.java:83)
	at org.openqa.selenium.remote.RemoteWebDriver.execute(RemoteWebDriver.java:552)
	at org.openqa.selenium.remote.RemoteWebDriver.findElement(RemoteWebDriver.java:323)
	at org.openqa.selenium.remote.RemoteWebDriver.findElementByXPath(RemoteWebDriver.java:428)
	at org.openqa.selenium.By$ByXPath.findElement(By.java:353)
	at org.openqa.selenium.remote.RemoteWebDriver.findElement(RemoteWebDriver.java:315)
	at org.openqa.selenium.support.pagefactory.DefaultElementLocator.findElement(DefaultElementLocator.java:69)
	at org.openqa.selenium.support.pagefactory.internal.LocatingElementHandler.invoke(LocatingElementHandler.java:38)
	at com.sun.proxy.$Proxy15.isDisplayed(Unknown Source)
	at org.openqa.selenium.support.ui.ExpectedConditions.elementIfVisible(ExpectedConditions.java:314)
	at org.openqa.selenium.support.ui.ExpectedConditions.access$000(ExpectedConditions.java:43)
	at org.openqa.selenium.support.ui.ExpectedConditions$10.apply(ExpectedConditions.java:300)
	at org.openqa.selenium.support.ui.ExpectedConditions$10.apply(ExpectedConditions.java:297)
	at org.openqa.selenium.support.ui.ExpectedConditions$23.apply(ExpectedConditions.java:670)
	at org.openqa.selenium.support.ui.ExpectedConditions$23.apply(ExpectedConditions.java:666)
	at org.openqa.selenium.support.ui.FluentWait.until(FluentWait.java:249)
	... 31 more
... Removed 31 stack frames
</div> <!-- stack-trace -->
                </div> <!-- method-content -->
              </div> <!-- method -->
              <div class="method">
                <div class="method-content">
                  <a name="fetchHolidayHomes(Nairobi,Kenya,Africa, tomorrow date, 10.0, 2.0, Low to High, Elder access, Internet)">
                  </a> <!-- fetchHolidayHomes(Nairobi,Kenya,Africa, tomorrow date, 10.0, 2.0, Low to High, Elder access, Internet) -->
                  <span class="method-name">fetchHolidayHomes</span>
                  <span class="parameters">(Nairobi,Kenya,Africa, tomorrow date, 10.0, 2.0, Low to High, Elder access, Internet)</span>
                  <div class="stack-trace">org.openqa.selenium.TimeoutException: Expected condition failed: waiting for element to be clickable: Proxy element for: DefaultElementLocator &apos;By.xpath: //input[contains(@placeholder,&apos;Where&apos;)]&apos; (tried for 30 second(s) with 500 milliseconds interval)
	at org.openqa.selenium.support.ui.WebDriverWait.timeoutException(WebDriverWait.java:95)
	at org.openqa.selenium.support.ui.FluentWait.until(FluentWait.java:272)
	at com.cognizant.businessFunctionality.CommonFunction.click(CommonFunction.java:49)
	at com.cognizant.tests.testScenario5.TC51_FetchHolidaysHomesAllFilters.searchFor(TC51_FetchHolidaysHomesAllFilters.java:51)
	at com.cognizant.tests.testScenario5.TC51_FetchHolidaysHomesAllFilters.fetchHolidayHomes(TC51_FetchHolidaysHomesAllFilters.java:186)
	at java.util.ArrayList.forEach(ArrayList.java:1257)
Caused by: org.openqa.selenium.NoSuchElementException: no such element: Unable to locate element: {&quot;method&quot;:&quot;xpath&quot;,&quot;selector&quot;:&quot;//input[contains(@placeholder,&apos;Where&apos;)]&quot;}
  (Session info: chrome=83.0.4103.106)
For documentation on this error, please visit: https://www.seleniumhq.org/exceptions/no_such_element.html
Build info: version: &apos;3.141.59&apos;, revision: &apos;e82be7d358&apos;, time: &apos;2018-11-14T08:17:03&apos;
System info: host: &apos;NEW-PC&apos;, ip: &apos;192.168.43.251&apos;, os.name: &apos;Windows 7&apos;, os.arch: &apos;x86&apos;, os.version: &apos;6.1&apos;, java.version: &apos;1.8.0_251&apos;
Driver info: org.openqa.selenium.chrome.ChromeDriver
Capabilities {acceptInsecureCerts: false, browserName: chrome, browserVersion: 83.0.4103.106, chrome: {chromedriverVersion: 83.0.4103.39 (ccbf011cb2d2b..., userDataDir: C:\Users\New\AppData\Local\...}, goog:chromeOptions: {debuggerAddress: localhost:62634}, javascriptEnabled: true, networkConnectionEnabled: false, pageLoadStrategy: normal, platform: WINDOWS, platformName: WINDOWS, proxy: Proxy(), setWindowRect: true, strictFileInteractability: false, timeouts: {implicit: 0, pageLoad: 300000, script: 30000}, unhandledPromptBehavior: dismiss and notify, webauthn:virtualAuthenticators: true}
Session ID: cc21e9fb68e3ff896fd67e5c0a429b2a
*** Element info: {Using=xpath, value=//input[contains(@placeholder,&apos;Where&apos;)]}
	at org.openqa.selenium.remote.http.W3CHttpResponseCodec.createException(W3CHttpResponseCodec.java:187)
	at org.openqa.selenium.remote.http.W3CHttpResponseCodec.decode(W3CHttpResponseCodec.java:122)
	at org.openqa.selenium.remote.http.W3CHttpResponseCodec.decode(W3CHttpResponseCodec.java:49)
	at org.openqa.selenium.remote.HttpCommandExecutor.execute(HttpCommandExecutor.java:158)
	at org.openqa.selenium.remote.service.DriverCommandExecutor.execute(DriverCommandExecutor.java:83)
	at org.openqa.selenium.remote.RemoteWebDriver.execute(RemoteWebDriver.java:552)
	at org.openqa.selenium.remote.RemoteWebDriver.findElement(RemoteWebDriver.java:323)
	at org.openqa.selenium.remote.RemoteWebDriver.findElementByXPath(RemoteWebDriver.java:428)
	at org.openqa.selenium.By$ByXPath.findElement(By.java:353)
	at org.openqa.selenium.remote.RemoteWebDriver.findElement(RemoteWebDriver.java:315)
	at org.openqa.selenium.support.pagefactory.DefaultElementLocator.findElement(DefaultElementLocator.java:69)
	at org.openqa.selenium.support.pagefactory.internal.LocatingElementHandler.invoke(LocatingElementHandler.java:38)
	at com.sun.proxy.$Proxy15.isDisplayed(Unknown Source)
	at org.openqa.selenium.support.ui.ExpectedConditions.elementIfVisible(ExpectedConditions.java:314)
	at org.openqa.selenium.support.ui.ExpectedConditions.access$000(ExpectedConditions.java:43)
	at org.openqa.selenium.support.ui.ExpectedConditions$10.apply(ExpectedConditions.java:300)
	at org.openqa.selenium.support.ui.ExpectedConditions$10.apply(ExpectedConditions.java:297)
	at org.openqa.selenium.support.ui.ExpectedConditions$23.apply(ExpectedConditions.java:670)
	at org.openqa.selenium.support.ui.ExpectedConditions$23.apply(ExpectedConditions.java:666)
	at org.openqa.selenium.support.ui.FluentWait.until(FluentWait.java:249)
	... 31 more
... Removed 31 stack frames
</div> <!-- stack-trace -->
                </div> <!-- method-content -->
              </div> <!-- method -->
            </div> <!-- main-panel-content rounded-window-bottom -->
          </div> <!-- suite-Suite-class-failed -->
          <div class="suite-Suite-class-failed">
            <div class="main-panel-header rounded-window-top">
              <img src="failed.png"/>
              <span class="class-name">com.cognizant.tests.testScenario3.TC32_GuestCountVerification</span>
            </div> <!-- main-panel-header rounded-window-top -->
            <div class="main-panel-content rounded-window-bottom">
              <div class="method">
                <div class="method-content">
                  <a name="fetchHolidayHomes">
                  </a> <!-- fetchHolidayHomes -->
                  <span class="method-name">fetchHolidayHomes</span>
                  <div class="stack-trace">java.lang.IndexOutOfBoundsException: Index: 0, Size: 0
	at java.util.ArrayList.rangeCheck(ArrayList.java:657)
	at java.util.ArrayList.get(ArrayList.java:433)
	at org.openqa.selenium.support.pagefactory.internal.LocatingElementListHandler.invoke(LocatingElementListHandler.java:39)
	at com.sun.proxy.$Proxy16.get(Unknown Source)
	at com.cognizant.businessFunctionality.CommonFunction.checkingGuest(CommonFunction.java:130)
	at com.cognizant.tests.testScenario3.TC32_GuestCountVerification.checkGuestCount(TC32_GuestCountVerification.java:74)
	at com.cognizant.tests.testScenario3.TC32_GuestCountVerification.fetchHolidayHomes(TC32_GuestCountVerification.java:107)
	at java.util.ArrayList.forEach(ArrayList.java:1257)
... Removed 30 stack frames
</div> <!-- stack-trace -->
                </div> <!-- method-content -->
              </div> <!-- method -->
            </div> <!-- main-panel-content rounded-window-bottom -->
          </div> <!-- suite-Suite-class-failed -->
          <div class="suite-Suite-class-failed">
            <div class="main-panel-header rounded-window-top">
              <img src="failed.png"/>
              <span class="class-name">com.cognizant.tests.testScenario1.TC12_VerifyHolidayHomesViaMoreTab</span>
            </div> <!-- main-panel-header rounded-window-top -->
            <div class="main-panel-content rounded-window-bottom">
              <div class="method">
                <div class="method-content">
                  <a name="fetchHolidayHomes">
                  </a> <!-- fetchHolidayHomes -->
                  <span class="method-name">fetchHolidayHomes</span>
                  <div class="stack-trace">org.openqa.selenium.NoSuchElementException: no such element: Unable to locate element: {&quot;method&quot;:&quot;xpath&quot;,&quot;selector&quot;:&quot;//input[contains(@class,&apos;_3qLQ-U8m&apos;) and contains(@placeholder,&apos;where&apos;)]&quot;}
  (Session info: chrome=83.0.4103.106)
For documentation on this error, please visit: https://www.seleniumhq.org/exceptions/no_such_element.html
Build info: version: &apos;3.141.59&apos;, revision: &apos;e82be7d358&apos;, time: &apos;2018-11-14T08:17:03&apos;
System info: host: &apos;NEW-PC&apos;, ip: &apos;192.168.43.251&apos;, os.name: &apos;Windows 7&apos;, os.arch: &apos;x86&apos;, os.version: &apos;6.1&apos;, java.version: &apos;1.8.0_251&apos;
Driver info: org.openqa.selenium.chrome.ChromeDriver
Capabilities {acceptInsecureCerts: false, browserName: chrome, browserVersion: 83.0.4103.106, chrome: {chromedriverVersion: 83.0.4103.39 (ccbf011cb2d2b..., userDataDir: C:\Users\New\AppData\Local\...}, goog:chromeOptions: {debuggerAddress: localhost:62634}, javascriptEnabled: true, networkConnectionEnabled: false, pageLoadStrategy: normal, platform: WINDOWS, platformName: WINDOWS, proxy: Proxy(), setWindowRect: true, strictFileInteractability: false, timeouts: {implicit: 0, pageLoad: 300000, script: 30000}, unhandledPromptBehavior: dismiss and notify, webauthn:virtualAuthenticators: true}
Session ID: cc21e9fb68e3ff896fd67e5c0a429b2a
*** Element info: {Using=xpath, value=//input[contains(@class,&apos;_3qLQ-U8m&apos;) and contains(@placeholder,&apos;where&apos;)]}
	at org.openqa.selenium.remote.http.W3CHttpResponseCodec.createException(W3CHttpResponseCodec.java:187)
	at org.openqa.selenium.remote.http.W3CHttpResponseCodec.decode(W3CHttpResponseCodec.java:122)
	at org.openqa.selenium.remote.http.W3CHttpResponseCodec.decode(W3CHttpResponseCodec.java:49)
	at org.openqa.selenium.remote.HttpCommandExecutor.execute(HttpCommandExecutor.java:158)
	at org.openqa.selenium.remote.service.DriverCommandExecutor.execute(DriverCommandExecutor.java:83)
	at org.openqa.selenium.remote.RemoteWebDriver.execute(RemoteWebDriver.java:552)
	at org.openqa.selenium.remote.RemoteWebDriver.findElement(RemoteWebDriver.java:323)
	at org.openqa.selenium.remote.RemoteWebDriver.findElementByXPath(RemoteWebDriver.java:428)
	at org.openqa.selenium.By$ByXPath.findElement(By.java:353)
	at org.openqa.selenium.remote.RemoteWebDriver.findElement(RemoteWebDriver.java:315)
	at org.openqa.selenium.support.pagefactory.DefaultElementLocator.findElement(DefaultElementLocator.java:69)
	at org.openqa.selenium.support.pagefactory.internal.LocatingElementHandler.invoke(LocatingElementHandler.java:38)
	at com.sun.proxy.$Proxy15.sendKeys(Unknown Source)
	at com.cognizant.businessFunctionality.CommonFunction.setElementValue(CommonFunction.java:35)
	at com.cognizant.tests.testScenario1.TC12_VerifyHolidayHomesViaMoreTab.searchFor(TC12_VerifyHolidayHomesViaMoreTab.java:43)
	at com.cognizant.tests.testScenario1.TC12_VerifyHolidayHomesViaMoreTab.fetchHolidayHomes(TC12_VerifyHolidayHomesViaMoreTab.java:89)
	at java.util.ArrayList.forEach(ArrayList.java:1257)
... Removed 31 stack frames
</div> <!-- stack-trace -->
                </div> <!-- method-content -->
              </div> <!-- method -->
            </div> <!-- main-panel-content rounded-window-bottom -->
          </div> <!-- suite-Suite-class-failed -->
          <div class="suite-Suite-class-failed">
            <div class="main-panel-header rounded-window-top">
              <img src="failed.png"/>
              <span class="class-name">com.cognizant.tests.testScenario4.TC43_SuitabilityBasedFilter</span>
            </div> <!-- main-panel-header rounded-window-top -->
            <div class="main-panel-content rounded-window-bottom">
              <div class="method">
                <div class="method-content">
                  <a name="fetchHolidayHomes">
                  </a> <!-- fetchHolidayHomes -->
                  <span class="method-name">fetchHolidayHomes</span>
                  <div class="stack-trace">org.openqa.selenium.NoSuchElementException: no such element: Unable to locate element: {&quot;method&quot;:&quot;xpath&quot;,&quot;selector&quot;:&quot;//li[@class=&apos;yJ4mfBYR&apos;][1]&quot;}
  (Session info: chrome=83.0.4103.106)
For documentation on this error, please visit: https://www.seleniumhq.org/exceptions/no_such_element.html
Build info: version: &apos;3.141.59&apos;, revision: &apos;e82be7d358&apos;, time: &apos;2018-11-14T08:17:03&apos;
System info: host: &apos;NEW-PC&apos;, ip: &apos;192.168.43.251&apos;, os.name: &apos;Windows 7&apos;, os.arch: &apos;x86&apos;, os.version: &apos;6.1&apos;, java.version: &apos;1.8.0_251&apos;
Driver info: org.openqa.selenium.chrome.ChromeDriver
Capabilities {acceptInsecureCerts: false, browserName: chrome, browserVersion: 83.0.4103.106, chrome: {chromedriverVersion: 83.0.4103.39 (ccbf011cb2d2b..., userDataDir: C:\Users\New\AppData\Local\...}, goog:chromeOptions: {debuggerAddress: localhost:62634}, javascriptEnabled: true, networkConnectionEnabled: false, pageLoadStrategy: normal, platform: WINDOWS, platformName: WINDOWS, proxy: Proxy(), setWindowRect: true, strictFileInteractability: false, timeouts: {implicit: 0, pageLoad: 300000, script: 30000}, unhandledPromptBehavior: dismiss and notify, webauthn:virtualAuthenticators: true}
Session ID: cc21e9fb68e3ff896fd67e5c0a429b2a
*** Element info: {Using=xpath, value=//li[@class=&apos;yJ4mfBYR&apos;][1]}
	at org.openqa.selenium.remote.http.W3CHttpResponseCodec.createException(W3CHttpResponseCodec.java:187)
	at org.openqa.selenium.remote.http.W3CHttpResponseCodec.decode(W3CHttpResponseCodec.java:122)
	at org.openqa.selenium.remote.http.W3CHttpResponseCodec.decode(W3CHttpResponseCodec.java:49)
	at org.openqa.selenium.remote.HttpCommandExecutor.execute(HttpCommandExecutor.java:158)
	at org.openqa.selenium.remote.service.DriverCommandExecutor.execute(DriverCommandExecutor.java:83)
	at org.openqa.selenium.remote.RemoteWebDriver.execute(RemoteWebDriver.java:552)
	at org.openqa.selenium.remote.RemoteWebDriver.findElement(RemoteWebDriver.java:323)
	at org.openqa.selenium.remote.RemoteWebDriver.findElementByXPath(RemoteWebDriver.java:428)
	at org.openqa.selenium.By$ByXPath.findElement(By.java:353)
	at org.openqa.selenium.remote.RemoteWebDriver.findElement(RemoteWebDriver.java:315)
	at org.openqa.selenium.support.pagefactory.DefaultElementLocator.findElement(DefaultElementLocator.java:69)
	at org.openqa.selenium.support.pagefactory.internal.LocatingElementHandler.invoke(LocatingElementHandler.java:38)
	at com.sun.proxy.$Proxy15.getWrappedElement(Unknown Source)
	at org.openqa.selenium.remote.internal.WebElementToJsonConverter.apply(WebElementToJsonConverter.java:50)
	at java.util.stream.ReferencePipeline$3$1.accept(ReferencePipeline.java:193)
	at java.util.Spliterators$ArraySpliterator.forEachRemaining(Spliterators.java:948)
	at java.util.stream.AbstractPipeline.copyInto(AbstractPipeline.java:482)
	at java.util.stream.AbstractPipeline.wrapAndCopyInto(AbstractPipeline.java:472)
	at java.util.stream.ReduceOps$ReduceOp.evaluateSequential(ReduceOps.java:708)
	at java.util.stream.AbstractPipeline.evaluate(AbstractPipeline.java:234)
	at java.util.stream.ReferencePipeline.collect(ReferencePipeline.java:499)
	at org.openqa.selenium.remote.RemoteWebDriver.executeScript(RemoteWebDriver.java:484)
	at com.cognizant.businessFunctionality.CommonFunction.getChosenFilters(CommonFunction.java:88)
	at com.cognizant.tests.testScenario4.TC43_SuitabilityBasedFilter.choosingSuitability(TC43_SuitabilityBasedFilter.java:78)
	at com.cognizant.tests.testScenario4.TC43_SuitabilityBasedFilter.fetchHolidayHomes(TC43_SuitabilityBasedFilter.java:124)
	at java.util.ArrayList.forEach(ArrayList.java:1257)
... Removed 31 stack frames
</div> <!-- stack-trace -->
                </div> <!-- method-content -->
              </div> <!-- method -->
            </div> <!-- main-panel-content rounded-window-bottom -->
          </div> <!-- suite-Suite-class-failed -->
          <div class="suite-Suite-class-failed">
            <div class="main-panel-header rounded-window-top">
              <img src="failed.png"/>
              <span class="class-name">com.cognizant.tests.testScenario4.TC44_ClearFilters</span>
            </div> <!-- main-panel-header rounded-window-top -->
            <div class="main-panel-content rounded-window-bottom">
              <div class="method">
                <div class="method-content">
                  <a name="fetchHolidayHomes">
                  </a> <!-- fetchHolidayHomes -->
                  <span class="method-name">fetchHolidayHomes</span>
                  <div class="stack-trace">org.openqa.selenium.ElementClickInterceptedException: element click intercepted: Element &lt;a class=&quot;vr-search-results-page-root-TierOneMessaging__clearAllText--3zuNy&quot; href=&quot;#&quot;&gt;...&lt;/a&gt; is not clickable at point (678, 8). Other element would receive the click: &lt;div class=&quot;ui_container vr-search-results-page-root-search-results-page-root__headerSectionContainer--xbiyl&quot;&gt;...&lt;/div&gt;
  (Session info: chrome=83.0.4103.106)
Build info: version: &apos;3.141.59&apos;, revision: &apos;e82be7d358&apos;, time: &apos;2018-11-14T08:17:03&apos;
System info: host: &apos;NEW-PC&apos;, ip: &apos;192.168.43.251&apos;, os.name: &apos;Windows 7&apos;, os.arch: &apos;x86&apos;, os.version: &apos;6.1&apos;, java.version: &apos;1.8.0_251&apos;
Driver info: org.openqa.selenium.chrome.ChromeDriver
Capabilities {acceptInsecureCerts: false, browserName: chrome, browserVersion: 83.0.4103.106, chrome: {chromedriverVersion: 83.0.4103.39 (ccbf011cb2d2b..., userDataDir: C:\Users\New\AppData\Local\...}, goog:chromeOptions: {debuggerAddress: localhost:62634}, javascriptEnabled: true, networkConnectionEnabled: false, pageLoadStrategy: normal, platform: WINDOWS, platformName: WINDOWS, proxy: Proxy(), setWindowRect: true, strictFileInteractability: false, timeouts: {implicit: 0, pageLoad: 300000, script: 30000}, unhandledPromptBehavior: dismiss and notify, webauthn:virtualAuthenticators: true}
Session ID: cc21e9fb68e3ff896fd67e5c0a429b2a
	at org.openqa.selenium.remote.http.W3CHttpResponseCodec.createException(W3CHttpResponseCodec.java:187)
	at org.openqa.selenium.remote.http.W3CHttpResponseCodec.decode(W3CHttpResponseCodec.java:122)
	at org.openqa.selenium.remote.http.W3CHttpResponseCodec.decode(W3CHttpResponseCodec.java:49)
	at org.openqa.selenium.remote.HttpCommandExecutor.execute(HttpCommandExecutor.java:158)
	at org.openqa.selenium.remote.service.DriverCommandExecutor.execute(DriverCommandExecutor.java:83)
	at org.openqa.selenium.remote.RemoteWebDriver.execute(RemoteWebDriver.java:552)
	at org.openqa.selenium.remote.RemoteWebElement.execute(RemoteWebElement.java:285)
	at org.openqa.selenium.remote.RemoteWebElement.click(RemoteWebElement.java:84)
	at org.openqa.selenium.support.pagefactory.internal.LocatingElementHandler.invoke(LocatingElementHandler.java:51)
	at com.sun.proxy.$Proxy15.click(Unknown Source)
	at com.cognizant.businessFunctionality.CommonFunction.click(CommonFunction.java:50)
	at com.cognizant.tests.testScenario4.TC44_ClearFilters.clearFilters(TC44_ClearFilters.java:71)
	at com.cognizant.tests.testScenario4.TC44_ClearFilters.fetchHolidayHomes(TC44_ClearFilters.java:114)
	at java.util.ArrayList.forEach(ArrayList.java:1257)
... Removed 34 stack frames
</div> <!-- stack-trace -->
                </div> <!-- method-content -->
              </div> <!-- method -->
            </div> <!-- main-panel-content rounded-window-bottom -->
          </div> <!-- suite-Suite-class-failed -->
          <div class="suite-Suite-class-passed">
            <div class="main-panel-header rounded-window-top">
              <img src="passed.png"/>
              <span class="class-name">com.cognizant.tests.testScenario2.TC22_FetchHolidayHomesWithoutDates</span>
            </div> <!-- main-panel-header rounded-window-top -->
            <div class="main-panel-content rounded-window-bottom">
              <div class="method">
                <div class="method-content">
                  <a name="fetchHolidayHomes">
                  </a> <!-- fetchHolidayHomes -->
                  <span class="method-name">fetchHolidayHomes</span>
                </div> <!-- method-content -->
              </div> <!-- method -->
            </div> <!-- main-panel-content rounded-window-bottom -->
          </div> <!-- suite-Suite-class-passed -->
          <div class="suite-Suite-class-passed">
            <div class="main-panel-header rounded-window-top">
              <img src="passed.png"/>
              <span class="class-name">com.cognizant.tests.testScenario1.TC14_VerifyWithDifferentLocationName</span>
            </div> <!-- main-panel-header rounded-window-top -->
            <div class="main-panel-content rounded-window-bottom">
              <div class="method">
                <div class="method-content">
                  <a name="fetchHolidayHomes(Nairobi)">
                  </a> <!-- fetchHolidayHomes(Nairobi) -->
                  <span class="method-name">fetchHolidayHomes</span>
                  <span class="parameters">(Nairobi)</span>
                </div> <!-- method-content -->
              </div> <!-- method -->
              <div class="method">
                <div class="method-content">
                  <a name="fetchHolidayHomes(Chennai)">
                  </a> <!-- fetchHolidayHomes(Chennai) -->
                  <span class="method-name">fetchHolidayHomes</span>
                  <span class="parameters">(Chennai)</span>
                </div> <!-- method-content -->
              </div> <!-- method -->
            </div> <!-- main-panel-content rounded-window-bottom -->
          </div> <!-- suite-Suite-class-passed -->
          <div class="suite-Suite-class-passed">
            <div class="main-panel-header rounded-window-top">
              <img src="passed.png"/>
              <span class="class-name">com.cognizant.tests.testScenario3.TC31_CheckGuestButton</span>
            </div> <!-- main-panel-header rounded-window-top -->
            <div class="main-panel-content rounded-window-bottom">
              <div class="method">
                <div class="method-content">
                  <a name="fetchHolidayHomes">
                  </a> <!-- fetchHolidayHomes -->
                  <span class="method-name">fetchHolidayHomes</span>
                </div> <!-- method-content -->
              </div> <!-- method -->
            </div> <!-- main-panel-content rounded-window-bottom -->
          </div> <!-- suite-Suite-class-passed -->
          <div class="suite-Suite-class-passed">
            <div class="main-panel-header rounded-window-top">
              <img src="passed.png"/>
              <span class="class-name">com.cognizant.tests.testScenario1.TC11_CheckAutoSuggestion</span>
            </div> <!-- main-panel-header rounded-window-top -->
            <div class="main-panel-content rounded-window-bottom">
              <div class="method">
                <div class="method-content">
                  <a name="fetchHolidayHomes">
                  </a> <!-- fetchHolidayHomes -->
                  <span class="method-name">fetchHolidayHomes</span>
                </div> <!-- method-content -->
              </div> <!-- method -->
            </div> <!-- main-panel-content rounded-window-bottom -->
          </div> <!-- suite-Suite-class-passed -->
          <div class="suite-Suite-class-passed">
            <div class="main-panel-header rounded-window-top">
              <img src="passed.png"/>
              <span class="class-name">com.cognizant.tests.testScenario6.TC63_CheckSearchButton</span>
            </div> <!-- main-panel-header rounded-window-top -->
            <div class="main-panel-content rounded-window-bottom">
              <div class="method">
                <div class="method-content">
                  <a name="fetchCruises">
                  </a> <!-- fetchCruises -->
                  <span class="method-name">fetchCruises</span>
                </div> <!-- method-content -->
              </div> <!-- method -->
            </div> <!-- main-panel-content rounded-window-bottom -->
          </div> <!-- suite-Suite-class-passed -->
          <div class="suite-Suite-class-passed">
            <div class="main-panel-header rounded-window-top">
              <img src="passed.png"/>
              <span class="class-name">com.cognizant.tests.testScenario6.TC61_CruiseButtonChecking</span>
            </div> <!-- main-panel-header rounded-window-top -->
            <div class="main-panel-content rounded-window-bottom">
              <div class="method">
                <div class="method-content">
                  <a name="fetchCruises">
                  </a> <!-- fetchCruises -->
                  <span class="method-name">fetchCruises</span>
                </div> <!-- method-content -->
              </div> <!-- method -->
            </div> <!-- main-panel-content rounded-window-bottom -->
          </div> <!-- suite-Suite-class-passed -->
          <div class="suite-Suite-class-passed">
            <div class="main-panel-header rounded-window-top">
              <img src="passed.png"/>
              <span class="class-name">com.cognizant.tests.testScenario6.TC64_FetchCruiseDetails</span>
            </div> <!-- main-panel-header rounded-window-top -->
            <div class="main-panel-content rounded-window-bottom">
              <div class="method">
                <div class="method-content">
                  <a name="fetchCruises(AmaWaterways, AmaCerto)">
                  </a> <!-- fetchCruises(AmaWaterways, AmaCerto) -->
                  <span class="method-name">fetchCruises</span>
                  <span class="parameters">(AmaWaterways, AmaCerto)</span>
                </div> <!-- method-content -->
              </div> <!-- method -->
              <div class="method">
                <div class="method-content">
                  <a name="fetchCruises(APT, AmaLotus)">
                  </a> <!-- fetchCruises(APT, AmaLotus) -->
                  <span class="method-name">fetchCruises</span>
                  <span class="parameters">(APT, AmaLotus)</span>
                </div> <!-- method-content -->
              </div> <!-- method -->
            </div> <!-- main-panel-content rounded-window-bottom -->
          </div> <!-- suite-Suite-class-passed -->
          <div class="suite-Suite-class-passed">
            <div class="main-panel-header rounded-window-top">
              <img src="passed.png"/>
              <span class="class-name">com.cognizant.tests.testScenario2.TC21_FetchHolidaysWithDates</span>
            </div> <!-- main-panel-header rounded-window-top -->
            <div class="main-panel-content rounded-window-bottom">
              <div class="method">
                <div class="method-content">
                  <a name="fetchHolidayHomes">
                  </a> <!-- fetchHolidayHomes -->
                  <span class="method-name">fetchHolidayHomes</span>
                </div> <!-- method-content -->
              </div> <!-- method -->
            </div> <!-- main-panel-content rounded-window-bottom -->
          </div> <!-- suite-Suite-class-passed -->
          <div class="suite-Suite-class-passed">
            <div class="main-panel-header rounded-window-top">
              <img src="passed.png"/>
              <span class="class-name">com.cognizant.tests.testScenario1.TC13_SearchBarHolidayHomes</span>
            </div> <!-- main-panel-header rounded-window-top -->
            <div class="main-panel-content rounded-window-bottom">
              <div class="method">
                <div class="method-content">
                  <a name="fetchHolidayHomes">
                  </a> <!-- fetchHolidayHomes -->
                  <span class="method-name">fetchHolidayHomes</span>
                </div> <!-- method-content -->
              </div> <!-- method -->
            </div> <!-- main-panel-content rounded-window-bottom -->
          </div> <!-- suite-Suite-class-passed -->
          <div class="suite-Suite-class-passed">
            <div class="main-panel-header rounded-window-top">
              <img src="passed.png"/>
              <span class="class-name">com.cognizant.tests.testScenario6.TC62_CruiseDropdownChecking</span>
            </div> <!-- main-panel-header rounded-window-top -->
            <div class="main-panel-content rounded-window-bottom">
              <div class="method">
                <div class="method-content">
                  <a name="fetchCruises">
                  </a> <!-- fetchCruises -->
                  <span class="method-name">fetchCruises</span>
                </div> <!-- method-content -->
              </div> <!-- method -->
            </div> <!-- main-panel-content rounded-window-bottom -->
          </div> <!-- suite-Suite-class-passed -->
        </div> <!-- panel Suite -->
        <div panel-name="test-xml-Suite" class="panel">
          <div class="main-panel-header rounded-window-top">
            <span class="header-content">C:\Users\New\git\Trip-Advisor\Trip-Advisor\testng.xml</span>
          </div> <!-- main-panel-header rounded-window-top -->
          <div class="main-panel-content rounded-window-bottom">
            <pre>
&lt;?xml version=&quot;1.0&quot; encoding=&quot;UTF-8&quot;?&gt;
&lt;!DOCTYPE suite SYSTEM &quot;https://testng.org/testng-1.0.dtd&quot;&gt;
&lt;suite guice-stage=&quot;DEVELOPMENT&quot; name=&quot;Suite&quot;&gt;
  &lt;test thread-count=&quot;5&quot; name=&quot;Cruise Test&quot;&gt;
    &lt;classes&gt;
      &lt;class name=&quot;com.cognizant.tests.testScenario1.TC11_CheckAutoSuggestion&quot;/&gt;
      &lt;class name=&quot;com.cognizant.tests.testScenario1.TC12_VerifyHolidayHomesViaMoreTab&quot;/&gt;
      &lt;class name=&quot;com.cognizant.tests.testScenario1.TC13_SearchBarHolidayHomes&quot;/&gt;
      &lt;class name=&quot;com.cognizant.tests.testScenario1.TC14_VerifyWithDifferentLocationName&quot;/&gt;
      &lt;class name=&quot;com.cognizant.tests.testScenario2.TC21_FetchHolidaysWithDates&quot;/&gt;
      &lt;class name=&quot;com.cognizant.tests.testScenario2.TC22_FetchHolidayHomesWithoutDates&quot;/&gt;
      &lt;class name=&quot;com.cognizant.tests.testScenario3.TC31_CheckGuestButton&quot;/&gt;
      &lt;class name=&quot;com.cognizant.tests.testScenario3.TC32_GuestCountVerification&quot;/&gt;
      &lt;class name=&quot;com.cognizant.tests.testScenario4.TC41_SortByFilter&quot;/&gt;
      &lt;class name=&quot;com.cognizant.tests.testScenario4.TC42_AmenitiesBasedFilter&quot;/&gt;
      &lt;class name=&quot;com.cognizant.tests.testScenario4.TC43_SuitabilityBasedFilter&quot;/&gt;
      &lt;class name=&quot;com.cognizant.tests.testScenario4.TC44_ClearFilters&quot;/&gt;
      &lt;class name=&quot;com.cognizant.tests.testScenario5.TC51_FetchHolidaysHomesAllFilters&quot;/&gt;
      &lt;class name=&quot;com.cognizant.tests.testScenario6.TC61_CruiseButtonChecking&quot;/&gt;
      &lt;class name=&quot;com.cognizant.tests.testScenario6.TC62_CruiseDropdownChecking&quot;/&gt;
      &lt;class name=&quot;com.cognizant.tests.testScenario6.TC63_CheckSearchButton&quot;/&gt;
      &lt;class name=&quot;com.cognizant.tests.testScenario6.TC64_FetchCruiseDetails&quot;/&gt;
    &lt;/classes&gt;
  &lt;/test&gt; &lt;!-- Cruise Test --&gt;
&lt;/suite&gt; &lt;!-- Suite --&gt;
            </pre>
          </div> <!-- main-panel-content rounded-window-bottom -->
        </div> <!-- panel -->
        <div panel-name="testlist-Suite" class="panel">
          <div class="main-panel-header rounded-window-top">
            <span class="header-content">Tests for Suite</span>
          </div> <!-- main-panel-header rounded-window-top -->
          <div class="main-panel-content rounded-window-bottom">
            <ul>
              <li>
                <span class="test-name">Cruise Test (17 classes)</span>
              </li>
            </ul>
          </div> <!-- main-panel-content rounded-window-bottom -->
        </div> <!-- panel -->
        <div panel-name="group-Suite" class="panel">
          <div class="main-panel-header rounded-window-top">
            <span class="header-content">Groups for Suite</span>
          </div> <!-- main-panel-header rounded-window-top -->
          <div class="main-panel-content rounded-window-bottom">
            <div class="test-group">
              <span class="test-group-name">Cruise</span>
              <br/>
              <div class="method-in-group">
                <span class="method-in-group-name">fetchCruises</span>
                <br/>
              </div> <!-- method-in-group -->
            </div> <!-- test-group -->
            <div class="test-group">
              <span class="test-group-name">HolidayHomes</span>
              <br/>
              <div class="method-in-group">
                <span class="method-in-group-name">fetchHolidayHomes</span>
                <br/>
              </div> <!-- method-in-group -->
            </div> <!-- test-group -->
            <div class="test-group">
              <span class="test-group-name">SmokeTest</span>
              <br/>
              <div class="method-in-group">
                <span class="method-in-group-name">fetchCruises</span>
                <br/>
              </div> <!-- method-in-group -->
              <div class="method-in-group">
                <span class="method-in-group-name">fetchHolidayHomes</span>
                <br/>
              </div> <!-- method-in-group -->
            </div> <!-- test-group -->
          </div> <!-- main-panel-content rounded-window-bottom -->
        </div> <!-- panel -->
        <div panel-name="times-Suite" class="panel">
          <div class="main-panel-header rounded-window-top">
            <span class="header-content">Times for Suite</span>
          </div> <!-- main-panel-header rounded-window-top -->
          <div class="main-panel-content rounded-window-bottom">
            <div class="times-div">
              <script type="text/javascript">
suiteTableInitFunctions.push('tableData_Suite');
function tableData_Suite() {
var data = new google.visualization.DataTable();
data.addColumn('number', 'Number');
data.addColumn('string', 'Method');
data.addColumn('string', 'Class');
data.addColumn('number', 'Time (ms)');
data.addRows(22);
data.setCell(0, 0, 0)
data.setCell(0, 1, 'fetchHolidayHomes')
data.setCell(0, 2, 'com.cognizant.tests.testScenario4.TC42_AmenitiesBasedFilter')
data.setCell(0, 3, 158976);
data.setCell(1, 0, 1)
data.setCell(1, 1, 'fetchHolidayHomes')
data.setCell(1, 2, 'com.cognizant.tests.testScenario3.TC32_GuestCountVerification')
data.setCell(1, 3, 134813);
data.setCell(2, 0, 2)
data.setCell(2, 1, 'fetchHolidayHomes')
data.setCell(2, 2, 'com.cognizant.tests.testScenario4.TC43_SuitabilityBasedFilter')
data.setCell(2, 3, 121106);
data.setCell(3, 0, 3)
data.setCell(3, 1, 'fetchHolidayHomes')
data.setCell(3, 2, 'com.cognizant.tests.testScenario1.TC14_VerifyWithDifferentLocationName')
data.setCell(3, 3, 109967);
data.setCell(4, 0, 4)
data.setCell(4, 1, 'fetchHolidayHomes')
data.setCell(4, 2, 'com.cognizant.tests.testScenario2.TC21_FetchHolidaysWithDates')
data.setCell(4, 3, 105694);
data.setCell(5, 0, 5)
data.setCell(5, 1, 'fetchHolidayHomes')
data.setCell(5, 2, 'com.cognizant.tests.testScenario5.TC51_FetchHolidaysHomesAllFilters')
data.setCell(5, 3, 103309);
data.setCell(6, 0, 6)
data.setCell(6, 1, 'fetchHolidayHomes')
data.setCell(6, 2, 'com.cognizant.tests.testScenario5.TC51_FetchHolidaysHomesAllFilters')
data.setCell(6, 3, 101154);
data.setCell(7, 0, 7)
data.setCell(7, 1, 'fetchHolidayHomes')
data.setCell(7, 2, 'com.cognizant.tests.testScenario2.TC22_FetchHolidayHomesWithoutDates')
data.setCell(7, 3, 96807);
data.setCell(8, 0, 8)
data.setCell(8, 1, 'fetchHolidayHomes')
data.setCell(8, 2, 'com.cognizant.tests.testScenario5.TC51_FetchHolidaysHomesAllFilters')
data.setCell(8, 3, 89035);
data.setCell(9, 0, 9)
data.setCell(9, 1, 'fetchHolidayHomes')
data.setCell(9, 2, 'com.cognizant.tests.testScenario4.TC44_ClearFilters')
data.setCell(9, 3, 74018);
data.setCell(10, 0, 10)
data.setCell(10, 1, 'fetchHolidayHomes')
data.setCell(10, 2, 'com.cognizant.tests.testScenario1.TC11_CheckAutoSuggestion')
data.setCell(10, 3, 53669);
data.setCell(11, 0, 11)
data.setCell(11, 1, 'fetchHolidayHomes')
data.setCell(11, 2, 'com.cognizant.tests.testScenario1.TC12_VerifyHolidayHomesViaMoreTab')
data.setCell(11, 3, 52096);
data.setCell(12, 0, 12)
data.setCell(12, 1, 'fetchHolidayHomes')
data.setCell(12, 2, 'com.cognizant.tests.testScenario1.TC14_VerifyWithDifferentLocationName')
data.setCell(12, 3, 47533);
data.setCell(13, 0, 13)
data.setCell(13, 1, 'fetchHolidayHomes')
data.setCell(13, 2, 'com.cognizant.tests.testScenario1.TC14_VerifyWithDifferentLocationName')
data.setCell(13, 3, 42112);
data.setCell(14, 0, 14)
data.setCell(14, 1, 'fetchHolidayHomes')
data.setCell(14, 2, 'com.cognizant.tests.testScenario3.TC31_CheckGuestButton')
data.setCell(14, 3, 40642);
data.setCell(15, 0, 15)
data.setCell(15, 1, 'fetchCruises')
data.setCell(15, 2, 'com.cognizant.tests.testScenario6.TC64_FetchCruiseDetails')
data.setCell(15, 3, 36996);
data.setCell(16, 0, 16)
data.setCell(16, 1, 'fetchCruises')
data.setCell(16, 2, 'com.cognizant.tests.testScenario6.TC64_FetchCruiseDetails')
data.setCell(16, 3, 33113);
data.setCell(17, 0, 17)
data.setCell(17, 1, 'fetchHolidayHomes')
data.setCell(17, 2, 'com.cognizant.tests.testScenario1.TC13_SearchBarHolidayHomes')
data.setCell(17, 3, 18991);
data.setCell(18, 0, 18)
data.setCell(18, 1, 'fetchCruises')
data.setCell(18, 2, 'com.cognizant.tests.testScenario6.TC63_CheckSearchButton')
data.setCell(18, 3, 17733);
data.setCell(19, 0, 19)
data.setCell(19, 1, 'fetchHolidayHomes')
data.setCell(19, 2, 'com.cognizant.tests.testScenario4.TC41_SortByFilter')
data.setCell(19, 3, 13986);
data.setCell(20, 0, 20)
data.setCell(20, 1, 'fetchCruises')
data.setCell(20, 2, 'com.cognizant.tests.testScenario6.TC61_CruiseButtonChecking')
data.setCell(20, 3, 13948);
data.setCell(21, 0, 21)
data.setCell(21, 1, 'fetchCruises')
data.setCell(21, 2, 'com.cognizant.tests.testScenario6.TC62_CruiseDropdownChecking')
data.setCell(21, 3, 11814);
window.suiteTableData['Suite']= { tableData: data, tableDiv: 'times-div-Suite'}
return data;
}
              </script>
              <span class="suite-total-time">Total running time: 24 minutes</span>
              <div id="times-div-Suite">
              </div> <!-- times-div-Suite -->
            </div> <!-- times-div -->
          </div> <!-- main-panel-content rounded-window-bottom -->
        </div> <!-- panel -->
        <div panel-name="reporter-Suite" class="panel">
          <div class="main-panel-header rounded-window-top">
            <span class="header-content">Reporter output for Suite</span>
          </div> <!-- main-panel-header rounded-window-top -->
          <div class="main-panel-content rounded-window-bottom">
          </div> <!-- main-panel-content rounded-window-bottom -->
        </div> <!-- panel -->
        <div panel-name="ignored-methods-Suite" class="panel">
          <div class="main-panel-header rounded-window-top">
            <span class="header-content">32 ignored methods</span>
          </div> <!-- main-panel-header rounded-window-top -->
          <div class="main-panel-content rounded-window-bottom">
            <div class="ignored-class-div">
              <span class="ignored-class-name">com.cognizant.tests.testScenario1.TC14_VerifyWithDifferentLocationName</span>
              <div class="ignored-methods-div">
                <span class="ignored-method-name">driverSetup</span>
                <br/>
                <span class="ignored-method-name">closeDriverSetup</span>
                <br/>
              </div> <!-- ignored-methods-div -->
            </div> <!-- ignored-class-div -->
            <div class="ignored-class-div">
              <span class="ignored-class-name">com.cognizant.tests.testScenario3.TC31_CheckGuestButton</span>
              <div class="ignored-methods-div">
                <span class="ignored-method-name">driverSetup</span>
                <br/>
                <span class="ignored-method-name">closeDriverSetup</span>
                <br/>
              </div> <!-- ignored-methods-div -->
            </div> <!-- ignored-class-div -->
            <div class="ignored-class-div">
              <span class="ignored-class-name">com.cognizant.tests.testScenario6.TC63_CheckSearchButton</span>
              <div class="ignored-methods-div">
                <span class="ignored-method-name">driverSetup</span>
                <br/>
                <span class="ignored-method-name">closeDriverSetup</span>
                <br/>
              </div> <!-- ignored-methods-div -->
            </div> <!-- ignored-class-div -->
            <div class="ignored-class-div">
              <span class="ignored-class-name">com.cognizant.tests.testScenario1.TC12_VerifyHolidayHomesViaMoreTab</span>
              <div class="ignored-methods-div">
                <span class="ignored-method-name">driverSetup</span>
                <br/>
                <span class="ignored-method-name">closeDriverSetup</span>
                <br/>
              </div> <!-- ignored-methods-div -->
            </div> <!-- ignored-class-div -->
            <div class="ignored-class-div">
              <span class="ignored-class-name">com.cognizant.tests.testScenario6.TC64_FetchCruiseDetails</span>
              <div class="ignored-methods-div">
                <span class="ignored-method-name">driverSetup</span>
                <br/>
                <span class="ignored-method-name">closeDriverSetup</span>
                <br/>
              </div> <!-- ignored-methods-div -->
            </div> <!-- ignored-class-div -->
            <div class="ignored-class-div">
              <span class="ignored-class-name">com.cognizant.tests.testScenario1.TC13_SearchBarHolidayHomes</span>
              <div class="ignored-methods-div">
                <span class="ignored-method-name">driverSetup</span>
                <br/>
                <span class="ignored-method-name">closeDriverSetup</span>
                <br/>
              </div> <!-- ignored-methods-div -->
            </div> <!-- ignored-class-div -->
            <div class="ignored-class-div">
              <span class="ignored-class-name">com.cognizant.tests.testScenario4.TC43_SuitabilityBasedFilter</span>
              <div class="ignored-methods-div">
                <span class="ignored-method-name">driverSetup</span>
                <br/>
                <span class="ignored-method-name">closeDriverSetup</span>
                <br/>
              </div> <!-- ignored-methods-div -->
            </div> <!-- ignored-class-div -->
            <div class="ignored-class-div">
              <span class="ignored-class-name">com.cognizant.tests.testScenario2.TC22_FetchHolidayHomesWithoutDates</span>
              <div class="ignored-methods-div">
                <span class="ignored-method-name">driverSetup</span>
                <br/>
                <span class="ignored-method-name">closeDriverSetup</span>
                <br/>
              </div> <!-- ignored-methods-div -->
            </div> <!-- ignored-class-div -->
            <div class="ignored-class-div">
              <span class="ignored-class-name">com.cognizant.tests.testScenario4.TC41_SortByFilter</span>
              <div class="ignored-methods-div">
                <span class="ignored-method-name">driverSetup</span>
                <br/>
                <span class="ignored-method-name">closeDriverSetup</span>
                <br/>
              </div> <!-- ignored-methods-div -->
            </div> <!-- ignored-class-div -->
            <div class="ignored-class-div">
              <span class="ignored-class-name">com.cognizant.tests.testScenario5.TC51_FetchHolidaysHomesAllFilters</span>
              <div class="ignored-methods-div">
                <span class="ignored-method-name">driverSetup</span>
                <br/>
                <span class="ignored-method-name">closeDriverSetup</span>
                <br/>
              </div> <!-- ignored-methods-div -->
            </div> <!-- ignored-class-div -->
            <div class="ignored-class-div">
              <span class="ignored-class-name">com.cognizant.tests.testScenario4.TC42_AmenitiesBasedFilter</span>
              <div class="ignored-methods-div">
                <span class="ignored-method-name">driverSetup</span>
                <br/>
                <span class="ignored-method-name">closeDriverSetup</span>
                <br/>
              </div> <!-- ignored-methods-div -->
            </div> <!-- ignored-class-div -->
            <div class="ignored-class-div">
              <span class="ignored-class-name">com.cognizant.tests.testScenario3.TC32_GuestCountVerification</span>
              <div class="ignored-methods-div">
                <span class="ignored-method-name">driverSetup</span>
                <br/>
                <span class="ignored-method-name">closeDriverSetup</span>
                <br/>
              </div> <!-- ignored-methods-div -->
            </div> <!-- ignored-class-div -->
            <div class="ignored-class-div">
              <span class="ignored-class-name">com.cognizant.tests.testScenario6.TC61_CruiseButtonChecking</span>
              <div class="ignored-methods-div">
                <span class="ignored-method-name">driverSetup</span>
                <br/>
                <span class="ignored-method-name">closeDriverSetup</span>
                <br/>
              </div> <!-- ignored-methods-div -->
            </div> <!-- ignored-class-div -->
            <div class="ignored-class-div">
              <span class="ignored-class-name">com.cognizant.tests.testScenario2.TC21_FetchHolidaysWithDates</span>
              <div class="ignored-methods-div">
                <span class="ignored-method-name">driverSetup</span>
                <br/>
                <span class="ignored-method-name">closeDriverSetup</span>
                <br/>
              </div> <!-- ignored-methods-div -->
            </div> <!-- ignored-class-div -->
            <div class="ignored-class-div">
              <span class="ignored-class-name">com.cognizant.tests.testScenario4.TC44_ClearFilters</span>
              <div class="ignored-methods-div">
                <span class="ignored-method-name">driverSetup</span>
                <br/>
                <span class="ignored-method-name">closeDriverSetup</span>
                <br/>
              </div> <!-- ignored-methods-div -->
            </div> <!-- ignored-class-div -->
            <div class="ignored-class-div">
              <span class="ignored-class-name">com.cognizant.tests.testScenario6.TC62_CruiseDropdownChecking</span>
              <div class="ignored-methods-div">
                <span class="ignored-method-name">driverSetup</span>
                <br/>
                <span class="ignored-method-name">closeDriverSetup</span>
                <br/>
              </div> <!-- ignored-methods-div -->
            </div> <!-- ignored-class-div -->
          </div> <!-- main-panel-content rounded-window-bottom -->
        </div> <!-- panel -->
        <div panel-name="chronological-Suite" class="panel">
          <div class="main-panel-header rounded-window-top">
            <span class="header-content">Methods in chronological order</span>
          </div> <!-- main-panel-header rounded-window-top -->
          <div class="main-panel-content rounded-window-bottom">
            <div class="chronological-class">
              <div class="chronological-class-name">com.cognizant.tests.testScenario1.TC11_CheckAutoSuggestion</div> <!-- chronological-class-name -->
              <div class="configuration-suite before">
                <span class="method-name">driverSetup(chrome, local)</span>
                <span class="method-start">0 ms</span>
              </div> <!-- configuration-suite before -->
              <div class="configuration-class before">
                <span class="method-name">startApplication</span>
                <span class="method-start">18245 ms</span>
              </div> <!-- configuration-class before -->
              <div class="test-method">
                <span class="method-name">fetchHolidayHomes</span>
                <span class="method-start">92025 ms</span>
              </div> <!-- test-method -->
              <div class="configuration-class after">
                <span class="method-name">endApplication</span>
                <span class="method-start">145780 ms</span>
              </div> <!-- configuration-class after -->
            </div> <!-- chronological-class -->
            <div class="chronological-class">
              <div class="chronological-class-name">com.cognizant.tests.testScenario1.TC12_VerifyHolidayHomesViaMoreTab</div> <!-- chronological-class-name -->
              <div class="configuration-class before">
                <span class="method-name">startApplication</span>
                <span class="method-start">145785 ms</span>
              </div> <!-- configuration-class before -->
              <div class="test-method">
                <img src="failed.png">
                </img>
                <span class="method-name">fetchHolidayHomes</span>
                <span class="method-start">179014 ms</span>
              </div> <!-- test-method -->
              <div class="configuration-class after">
                <span class="method-name">endApplication</span>
                <span class="method-start">231181 ms</span>
              </div> <!-- configuration-class after -->
            </div> <!-- chronological-class -->
            <div class="chronological-class">
              <div class="chronological-class-name">com.cognizant.tests.testScenario1.TC13_SearchBarHolidayHomes</div> <!-- chronological-class-name -->
              <div class="configuration-class before">
                <span class="method-name">startApplication</span>
                <span class="method-start">231182 ms</span>
              </div> <!-- configuration-class before -->
              <div class="test-method">
                <span class="method-name">fetchHolidayHomes</span>
                <span class="method-start">262571 ms</span>
              </div> <!-- test-method -->
              <div class="configuration-class after">
                <span class="method-name">endApplication</span>
                <span class="method-start">281573 ms</span>
              </div> <!-- configuration-class after -->
            </div> <!-- chronological-class -->
            <div class="chronological-class">
              <div class="chronological-class-name">com.cognizant.tests.testScenario1.TC14_VerifyWithDifferentLocationName</div> <!-- chronological-class-name -->
              <div class="configuration-class before">
                <span class="method-name">startApplication</span>
                <span class="method-start">281573 ms</span>
              </div> <!-- configuration-class before -->
              <div class="configuration-method before">
                <span class="method-name">reloadWebpage</span>
                <span class="method-start">320460 ms</span>
              </div> <!-- configuration-method before -->
              <div class="test-method">
                <span class="method-name">fetchHolidayHomes(Nairobi)</span>
                <span class="method-start">322578 ms</span>
              </div> <!-- test-method -->
              <div class="configuration-method before">
                <span class="method-name">reloadWebpage</span>
                <span class="method-start">364695 ms</span>
              </div> <!-- configuration-method before -->
              <div class="test-method">
                <span class="method-name">fetchHolidayHomes(Chennai)</span>
                <span class="method-start">366221 ms</span>
              </div> <!-- test-method -->
              <div class="configuration-method before">
                <span class="method-name">reloadWebpage</span>
                <span class="method-start">413760 ms</span>
              </div> <!-- configuration-method before -->
              <div class="test-method">
                <img src="failed.png">
                </img>
                <span class="method-name">fetchHolidayHomes(chn)</span>
                <span class="method-start">414438 ms</span>
              </div> <!-- test-method -->
              <div class="configuration-class after">
                <span class="method-name">endApplication</span>
                <span class="method-start">524409 ms</span>
              </div> <!-- configuration-class after -->
            </div> <!-- chronological-class -->
            <div class="chronological-class">
              <div class="chronological-class-name">com.cognizant.tests.testScenario2.TC21_FetchHolidaysWithDates</div> <!-- chronological-class-name -->
              <div class="configuration-class before">
                <span class="method-name">startApplication</span>
                <span class="method-start">524410 ms</span>
              </div> <!-- configuration-class before -->
              <div class="test-method">
                <span class="method-name">fetchHolidayHomes</span>
                <span class="method-start">544338 ms</span>
              </div> <!-- test-method -->
              <div class="configuration-class after">
                <span class="method-name">endApplication</span>
                <span class="method-start">650039 ms</span>
              </div> <!-- configuration-class after -->
            </div> <!-- chronological-class -->
            <div class="chronological-class">
              <div class="chronological-class-name">com.cognizant.tests.testScenario2.TC22_FetchHolidayHomesWithoutDates</div> <!-- chronological-class-name -->
              <div class="configuration-class before">
                <span class="method-name">startApplication</span>
                <span class="method-start">650039 ms</span>
              </div> <!-- configuration-class before -->
              <div class="test-method">
                <span class="method-name">fetchHolidayHomes</span>
                <span class="method-start">671576 ms</span>
              </div> <!-- test-method -->
              <div class="configuration-class after">
                <span class="method-name">endApplication</span>
                <span class="method-start">768445 ms</span>
              </div> <!-- configuration-class after -->
            </div> <!-- chronological-class -->
            <div class="chronological-class">
              <div class="chronological-class-name">com.cognizant.tests.testScenario3.TC31_CheckGuestButton</div> <!-- chronological-class-name -->
              <div class="configuration-class before">
                <span class="method-name">startApplication</span>
                <span class="method-start">768446 ms</span>
              </div> <!-- configuration-class before -->
              <div class="test-method">
                <span class="method-name">fetchHolidayHomes</span>
                <span class="method-start">793989 ms</span>
              </div> <!-- test-method -->
              <div class="configuration-class after">
                <span class="method-name">endApplication</span>
                <span class="method-start">834652 ms</span>
              </div> <!-- configuration-class after -->
            </div> <!-- chronological-class -->
            <div class="chronological-class">
              <div class="chronological-class-name">com.cognizant.tests.testScenario3.TC32_GuestCountVerification</div> <!-- chronological-class-name -->
              <div class="configuration-class before">
                <span class="method-name">startApplication</span>
                <span class="method-start">834653 ms</span>
              </div> <!-- configuration-class before -->
              <div class="test-method">
                <img src="failed.png">
                </img>
                <span class="method-name">fetchHolidayHomes</span>
                <span class="method-start">840711 ms</span>
              </div> <!-- test-method -->
              <div class="configuration-class after">
                <span class="method-name">endApplication</span>
                <span class="method-start">975528 ms</span>
              </div> <!-- configuration-class after -->
            </div> <!-- chronological-class -->
            <div class="chronological-class">
              <div class="chronological-class-name">com.cognizant.tests.testScenario4.TC41_SortByFilter</div> <!-- chronological-class-name -->
              <div class="configuration-class before">
                <span class="method-name">startApplication</span>
                <span class="method-start">975529 ms</span>
              </div> <!-- configuration-class before -->
              <div class="test-method">
                <img src="failed.png">
                </img>
                <span class="method-name">fetchHolidayHomes</span>
                <span class="method-start">992095 ms</span>
              </div> <!-- test-method -->
              <div class="configuration-class after">
                <span class="method-name">endApplication</span>
                <span class="method-start">1006083 ms</span>
              </div> <!-- configuration-class after -->
            </div> <!-- chronological-class -->
            <div class="chronological-class">
              <div class="chronological-class-name">com.cognizant.tests.testScenario4.TC42_AmenitiesBasedFilter</div> <!-- chronological-class-name -->
              <div class="configuration-class before">
                <span class="method-name">startApplication</span>
                <span class="method-start">1006084 ms</span>
              </div> <!-- configuration-class before -->
              <div class="test-method">
                <img src="failed.png">
                </img>
                <span class="method-name">fetchHolidayHomes</span>
                <span class="method-start">1015500 ms</span>
              </div> <!-- test-method -->
              <div class="configuration-class after">
                <span class="method-name">endApplication</span>
                <span class="method-start">1174481 ms</span>
              </div> <!-- configuration-class after -->
            </div> <!-- chronological-class -->
            <div class="chronological-class">
              <div class="chronological-class-name">com.cognizant.tests.testScenario4.TC43_SuitabilityBasedFilter</div> <!-- chronological-class-name -->
              <div class="configuration-class before">
                <span class="method-name">startApplication</span>
                <span class="method-start">1174482 ms</span>
              </div> <!-- configuration-class before -->
              <div class="test-method">
                <img src="failed.png">
                </img>
                <span class="method-name">fetchHolidayHomes</span>
                <span class="method-start">1195053 ms</span>
              </div> <!-- test-method -->
              <div class="configuration-class after">
                <span class="method-name">endApplication</span>
                <span class="method-start">1316161 ms</span>
              </div> <!-- configuration-class after -->
            </div> <!-- chronological-class -->
            <div class="chronological-class">
              <div class="chronological-class-name">com.cognizant.tests.testScenario4.TC44_ClearFilters</div> <!-- chronological-class-name -->
              <div class="configuration-class before">
                <span class="method-name">startApplication</span>
                <span class="method-start">1316162 ms</span>
              </div> <!-- configuration-class before -->
              <div class="test-method">
                <img src="failed.png">
                </img>
                <span class="method-name">fetchHolidayHomes</span>
                <span class="method-start">1325015 ms</span>
              </div> <!-- test-method -->
              <div class="configuration-class after">
                <span class="method-name">endApplication</span>
                <span class="method-start">1399040 ms</span>
              </div> <!-- configuration-class after -->
            </div> <!-- chronological-class -->
            <div class="chronological-class">
              <div class="chronological-class-name">com.cognizant.tests.testScenario5.TC51_FetchHolidaysHomesAllFilters</div> <!-- chronological-class-name -->
              <div class="configuration-class before">
                <span class="method-name">startApplication</span>
                <span class="method-start">1399041 ms</span>
              </div> <!-- configuration-class before -->
              <div class="test-method">
                <img src="failed.png">
                </img>
                <span class="method-name">fetchHolidayHomes(Nairobi,Kenya,Africa, tomorrow date, 5.0, 4.0, Traveller Rating, Pet friendly, Wi-Fi)</span>
                <span class="method-start">1428930 ms</span>
              </div> <!-- test-method -->
              <div class="test-method">
                <img src="failed.png">
                </img>
                <span class="method-name">fetchHolidayHomes(Nairobi,Kenya,Africa, tomorrow date, 10.0, 2.0, Low to High, Elder access, Internet)</span>
                <span class="method-start">1517970 ms</span>
              </div> <!-- test-method -->
              <div class="test-method">
                <img src="failed.png">
                </img>
                <span class="method-name">fetchHolidayHomes(Nairobi,Kenya,Africa, tomorrow date, 6.0, 6.0, High to Low, Kid Friendly, Elevator/Lift access)</span>
                <span class="method-start">1621282 ms</span>
              </div> <!-- test-method -->
              <div class="configuration-class after">
                <span class="method-name">endApplication</span>
                <span class="method-start">1722440 ms</span>
              </div> <!-- configuration-class after -->
            </div> <!-- chronological-class -->
            <div class="chronological-class">
              <div class="chronological-class-name">com.cognizant.tests.testScenario6.TC61_CruiseButtonChecking</div> <!-- chronological-class-name -->
              <div class="configuration-class before">
                <span class="method-name">startApplication</span>
                <span class="method-start">1722441 ms</span>
              </div> <!-- configuration-class before -->
              <div class="test-method">
                <span class="method-name">fetchCruises</span>
                <span class="method-start">1758925 ms</span>
              </div> <!-- test-method -->
              <div class="configuration-class after">
                <span class="method-name">endApplication</span>
                <span class="method-start">1772893 ms</span>
              </div> <!-- configuration-class after -->
            </div> <!-- chronological-class -->
            <div class="chronological-class">
              <div class="chronological-class-name">com.cognizant.tests.testScenario6.TC62_CruiseDropdownChecking</div> <!-- chronological-class-name -->
              <div class="configuration-class before">
                <span class="method-name">startApplication</span>
                <span class="method-start">1772920 ms</span>
              </div> <!-- configuration-class before -->
              <div class="test-method">
                <span class="method-name">fetchCruises</span>
                <span class="method-start">1793582 ms</span>
              </div> <!-- test-method -->
              <div class="configuration-class after">
                <span class="method-name">endApplication</span>
                <span class="method-start">1805420 ms</span>
              </div> <!-- configuration-class after -->
            </div> <!-- chronological-class -->
            <div class="chronological-class">
              <div class="chronological-class-name">com.cognizant.tests.testScenario6.TC63_CheckSearchButton</div> <!-- chronological-class-name -->
              <div class="configuration-class before">
                <span class="method-name">startApplication</span>
                <span class="method-start">1805421 ms</span>
              </div> <!-- configuration-class before -->
              <div class="test-method">
                <span class="method-name">fetchCruises</span>
                <span class="method-start">1834232 ms</span>
              </div> <!-- test-method -->
              <div class="configuration-class after">
                <span class="method-name">endApplication</span>
                <span class="method-start">1851968 ms</span>
              </div> <!-- configuration-class after -->
            </div> <!-- chronological-class -->
            <div class="chronological-class">
              <div class="chronological-class-name">com.cognizant.tests.testScenario6.TC64_FetchCruiseDetails</div> <!-- chronological-class-name -->
              <div class="configuration-class before">
                <span class="method-name">startApplication</span>
                <span class="method-start">1851969 ms</span>
              </div> <!-- configuration-class before -->
              <div class="test-method">
                <span class="method-name">fetchCruises(AmaWaterways, AmaCerto)</span>
                <span class="method-start">1883146 ms</span>
              </div> <!-- test-method -->
              <div class="test-method">
                <span class="method-name">fetchCruises(APT, AmaLotus)</span>
                <span class="method-start">1920145 ms</span>
              </div> <!-- test-method -->
              <div class="configuration-class after">
                <span class="method-name">endApplication</span>
                <span class="method-start">1953260 ms</span>
              </div> <!-- configuration-class after -->
            </div> <!-- chronological-class -->
            <div class="chronological-class">
              <div class="chronological-class-name">com.cognizant.tests.testScenario1.TC11_CheckAutoSuggestion</div> <!-- chronological-class-name -->
              <div class="configuration-suite after">
                <span class="method-name">closeDriverSetup</span>
                <span class="method-start">1954602 ms</span>
              </div> <!-- configuration-suite after -->
          </div> <!-- main-panel-content rounded-window-bottom -->
        </div> <!-- panel -->
      </div> <!-- main-panel-root -->
    </div> <!-- wrapper -->
  </body>
</html>
