<?xml version="1.0" encoding="UTF-8"?>
<!-- Generated by org.testng.reporters.JUnitXMLReporter -->
<testsuite hostname="New-PC" ignored="4" name="Holiday homes verification test in Firefox " tests="3" failures="0" timestamp="2020-06-19T19:11:07 IST" time="0.141" errors="0">
  <testcase name="@BeforeSuite driverSetup" time="-1.592574067184E9" classname="com.cognizant.utilities.DriverSetup">
    <failure type="org.testng.TestNGException" message="
Parameter &amp;apos;browser&amp;apos; is required by BeforeSuite on method driverSetup but has not been marked @Optional or defined
in C:\Users\New\git\Trip-Advisor\Trip-Advisor\src\test\java\com\cognizant\suiteFiles\CruiseVerification.xml">
      <![CDATA[org.testng.TestNGException: 
Parameter 'browser' is required by BeforeSuite on method driverSetup but has not been marked @Optional or defined
in C:\Users\New\git\Trip-Advisor\Trip-Advisor\src\test\java\com\cognizant\suiteFiles\CruiseVerification.xml
... Removed 16 stack frames]]>
    </failure>
  </testcase> <!-- @BeforeSuite driverSetup -->
  <testcase name="@BeforeClass startApplication" time="-1.592574067238E9" classname="com.cognizant.utilities.DriverSetup">
    <skipped/>
  </testcase> <!-- @BeforeClass startApplication -->
  <testcase name="@AfterClass endApplication" time="-1.592574067304E9" classname="com.cognizant.utilities.DriverSetup">
    <skipped/>
  </testcase> <!-- @AfterClass endApplication -->
  <testcase name="@BeforeClass startApplication" time="-1.592574067313E9" classname="com.cognizant.utilities.DriverSetup">
    <skipped/>
  </testcase> <!-- @BeforeClass startApplication -->
  <testcase name="@AfterClass endApplication" time="-1.592574067328E9" classname="com.cognizant.utilities.DriverSetup">
    <skipped/>
  </testcase> <!-- @AfterClass endApplication -->
  <testcase name="@BeforeClass startApplication" time="-1.592574067333E9" classname="com.cognizant.utilities.DriverSetup">
    <skipped/>
  </testcase> <!-- @BeforeClass startApplication -->
  <testcase name="@AfterClass endApplication" time="-1.592574067347E9" classname="com.cognizant.utilities.DriverSetup">
    <skipped/>
  </testcase> <!-- @AfterClass endApplication -->
  <testcase name="fetchCruises" time="0.0" classname="com.cognizant.tests.testScenario6.TC61_CruiseButtonChecking">
    <skipped/>
  </testcase> <!-- fetchCruises -->
  <testcase name="fetchCruises" time="0.0" classname="com.cognizant.tests.testScenario6.TC62_CruiseDropdownChecking">
    <skipped/>
  </testcase> <!-- fetchCruises -->
  <testcase name="fetchCruises" time="0.0" classname="com.cognizant.tests.testScenario6.TC63_CheckSearchButton">
    <skipped/>
  </testcase> <!-- fetchCruises -->
  <testcase name="@BeforeSuite driverSetup" time="0.0" classname="com.cognizant.utilities.DriverSetup">
    <ignored/>
  </testcase> <!-- @BeforeSuite driverSetup -->
  <testcase name="@BeforeSuite driverSetup" time="0.0" classname="com.cognizant.utilities.DriverSetup">
    <ignored/>
  </testcase> <!-- @BeforeSuite driverSetup -->
  <testcase name="@AfterSuite closeDriverSetup" time="0.0" classname="com.cognizant.utilities.DriverSetup">
    <ignored/>
  </testcase> <!-- @AfterSuite closeDriverSetup -->
  <testcase name="@AfterSuite closeDriverSetup" time="0.0" classname="com.cognizant.utilities.DriverSetup">
    <ignored/>
  </testcase> <!-- @AfterSuite closeDriverSetup -->
</testsuite> <!-- Holiday homes verification test in Firefox  -->
