<?xml version="1.0" encoding="UTF-8"?>
<!-- Generated by org.testng.reporters.JUnitXMLReporter -->
<testsuite hostname="New-PC" ignored="4" name="Holiday homes verification test in Firefox" tests="3" failures="1" timestamp="2020-06-19T19:22:06 IST" time="184.325" errors="0">
  <testcase name="fetchCruises" time="104.671" classname="com.cognizant.tests.testScenario6.TC61_CruiseButtonChecking">
    <failure type="org.openqa.selenium.TimeoutException" message="Expected condition failed: waiting for element to be clickable: Proxy element for: DefaultElementLocator &amp;apos;By.xpath: //a[@class=&amp;apos;lskmYLHJ&amp;apos; and @href=&amp;apos;/Cruises&amp;apos; or contains(text(),&amp;apos;Cruises&amp;apos;)]&amp;apos; (tried for 20 second(s) with 500 milliseconds interval)">
      <![CDATA[org.openqa.selenium.TimeoutException: Expected condition failed: waiting for element to be clickable: Proxy element for: DefaultElementLocator 'By.xpath: //a[@class='lskmYLHJ' and @href='/Cruises' or contains(text(),'Cruises')]' (tried for 20 second(s) with 500 milliseconds interval)
at org.openqa.selenium.support.ui.WebDriverWait.timeoutException(WebDriverWait.java:95)
at org.openqa.selenium.support.ui.FluentWait.until(FluentWait.java:272)
at com.cognizant.businessFunctionality.CommonFunction.click(CommonFunction.java:44)
at com.cognizant.tests.testScenario6.TC61_CruiseButtonChecking.checkCruise(TC61_CruiseButtonChecking.java:31)
at com.cognizant.tests.testScenario6.TC61_CruiseButtonChecking.fetchCruises(TC61_CruiseButtonChecking.java:64)
at java.util.ArrayList.forEach(ArrayList.java:1257)
Caused by: org.openqa.selenium.NoSuchElementException: Unable to locate element: //a[@class='lskmYLHJ' and @href='/Cruises' or contains(text(),'Cruises')]
For documentation on this error, please visit: https://www.seleniumhq.org/exceptions/no_such_element.html
Build info: version: '3.141.59', revision: 'e82be7d358', time: '2018-11-14T08:17:03'
System info: host: 'NEW-PC', ip: '192.168.43.251', os.name: 'Windows 7', os.arch: 'x86', os.version: '6.1', java.version: '1.8.0_251'
Driver info: org.openqa.selenium.remote.RemoteWebDriver
Capabilities {acceptInsecureCerts: true, browserName: firefox, browserVersion: 77.0.1, javascriptEnabled: true, moz:accessibilityChecks: false, moz:buildID: 20200602222727, moz:geckodriverVersion: 0.24.0, moz:headless: false, moz:processID: 7532, moz:profile: C:\Users\New\AppData\Local\..., moz:shutdownTimeout: 60000, moz:useNonSpecCompliantPointerOrigin: false, moz:webdriverClick: true, pageLoadStrategy: normal, platform: WINDOWS, platformName: WINDOWS, platformVersion: 6.1, rotatable: false, setWindowRect: true, strictFileInteractability: false, timeouts: {implicit: 0, pageLoad: 300000, script: 30000}, unhandledPromptBehavior: dismiss and notify, webdriver.remote.sessionid: 1a5d0fb2-b2eb-4fbe-82a3-451...}
Session ID: 1a5d0fb2-b2eb-4fbe-82a3-4512caf8362f
*** Element info: {Using=xpath, value=//a[@class='lskmYLHJ' and @href='/Cruises' or contains(text(),'Cruises')]}
at org.openqa.selenium.remote.http.W3CHttpResponseCodec.createException(W3CHttpResponseCodec.java:187)
at org.openqa.selenium.remote.http.W3CHttpResponseCodec.decode(W3CHttpResponseCodec.java:122)
at org.openqa.selenium.remote.http.W3CHttpResponseCodec.decode(W3CHttpResponseCodec.java:49)
at org.openqa.selenium.remote.HttpCommandExecutor.execute(HttpCommandExecutor.java:158)
at org.openqa.selenium.remote.RemoteWebDriver.execute(RemoteWebDriver.java:552)
at org.openqa.selenium.remote.RemoteWebDriver.findElement(RemoteWebDriver.java:323)
at org.openqa.selenium.remote.RemoteWebDriver.findElementByXPath(RemoteWebDriver.java:428)
at org.openqa.selenium.By$ByXPath.findElement(By.java:353)
at org.openqa.selenium.remote.RemoteWebDriver.findElement(RemoteWebDriver.java:315)
at org.openqa.selenium.support.pagefactory.DefaultElementLocator.findElement(DefaultElementLocator.java:69)
at org.openqa.selenium.support.pagefactory.internal.LocatingElementHandler.invoke(LocatingElementHandler.java:38)
at com.sun.proxy.$Proxy13.isDisplayed(Unknown Source)
at org.openqa.selenium.support.ui.ExpectedConditions.elementIfVisible(ExpectedConditions.java:314)
at org.openqa.selenium.support.ui.ExpectedConditions.access$000(ExpectedConditions.java:43)
at org.openqa.selenium.support.ui.ExpectedConditions$10.apply(ExpectedConditions.java:300)
at org.openqa.selenium.support.ui.ExpectedConditions$10.apply(ExpectedConditions.java:297)
at org.openqa.selenium.support.ui.ExpectedConditions$23.apply(ExpectedConditions.java:670)
at org.openqa.selenium.support.ui.ExpectedConditions$23.apply(ExpectedConditions.java:666)
at org.openqa.selenium.support.ui.FluentWait.until(FluentWait.java:249)
... 31 more
... Removed 31 stack frames]]>
    </failure>
  </testcase> <!-- fetchCruises -->
  <testcase name="fetchCruises" time="40.698" classname="com.cognizant.tests.testScenario6.TC62_CruiseDropdownChecking"/>
  <testcase name="fetchCruises" time="18.518" classname="com.cognizant.tests.testScenario6.TC63_CheckSearchButton"/>
  <testcase name="@BeforeSuite driverSetup" time="0.0" classname="com.cognizant.utilities.DriverSetup">
    <ignored/>
  </testcase> <!-- @BeforeSuite driverSetup -->
  <testcase name="@BeforeSuite driverSetup" time="0.0" classname="com.cognizant.utilities.DriverSetup">
    <ignored/>
  </testcase> <!-- @BeforeSuite driverSetup -->
  <testcase name="@AfterSuite closeDriverSetup" time="0.0" classname="com.cognizant.utilities.DriverSetup">
    <ignored/>
  </testcase> <!-- @AfterSuite closeDriverSetup -->
  <testcase name="@AfterSuite closeDriverSetup" time="0.0" classname="com.cognizant.utilities.DriverSetup">
    <ignored/>
  </testcase> <!-- @AfterSuite closeDriverSetup -->
</testsuite> <!-- Holiday homes verification test in Firefox -->
